<?xml version="1.0" encoding="utf-8"?>
<TestRun id="f6a401a0-5ed9-4c4a-b863-9ef7aaa04f40" name="@m-dcasadevallpino-85a942 2025-04-08 19:01:27" xmlns="http://microsoft.com/schemas/VisualStudio/TeamTest/2010">
  <Times creation="2025-04-08T19:01:27.7860080-07:00" queuing="2025-04-08T19:01:27.7860080-07:00" start="2025-04-08T19:01:27.1103310-07:00" finish="2025-04-08T19:01:27.9678620-07:00" />
  <TestSettings name="default" id="57daab83-ac65-46a4-ba65-053434106fe1">
    <Deployment runDeploymentRoot="_m-dcasadevallpino-85a942_2025-04-08_19_01_27" />
  </TestSettings>
  <Results>
    <UnitTestResult executionId="9ec20cab-a3df-4d13-9ae9-86f3e5805961" testId="b5fa28bc-8d7e-cda9-0796-1f5c16d7ea65" testName="RPGCharacterService.UnitTests.Services.EquipmentServiceTests.EquipWeapon_WithValidCharacterAndWeapon_ShouldUpdateCharacter" computerName="m-dcasadevallpino-85a942" duration="00:00:00.0053572" startTime="2025-04-08T19:01:27.7928750-07:00" endTime="2025-04-08T19:01:27.7928750-07:00" testType="13cdc9d9-ddb5-4fa4-a97d-d965ccfc6d4b" outcome="Passed" testListId="8c84fa94-04c1-424b-9868-57a2d4851a1d" relativeResultsDirectory="9ec20cab-a3df-4d13-9ae9-86f3e5805961" />
    <UnitTestResult executionId="47ccc236-3e3b-4b57-950e-9fc437ce4255" testId="9936ce92-02b7-2e87-2a26-e39598fa9d06" testName="RPGCharacterService.UnitTests.Services.StatsServiceTests.ModifyHitPointsAsync_WithDifferentLevels_ShouldRespectMaxHitPoints" computerName="m-dcasadevallpino-85a942" duration="00:00:00.0009813" startTime="2025-04-08T19:01:27.7959010-07:00" endTime="2025-04-08T19:01:27.7959010-07:00" testType="13cdc9d9-ddb5-4fa4-a97d-d965ccfc6d4b" outcome="Passed" testListId="8c84fa94-04c1-424b-9868-57a2d4851a1d" relativeResultsDirectory="47ccc236-3e3b-4b57-950e-9fc437ce4255" />
    <UnitTestResult executionId="c08b72cd-ae6a-4f3e-b9d4-be152eff5ce9" testId="3dc4444c-35af-a57f-1e0c-5c0f45455b9e" testName="RPGCharacterService.UnitTests.Models.CharacterTests.CalculateProficiencyBonus_WithDifferentLevels_ShouldReturnCorrectValue(level: 17, expectedBonus: 6)" computerName="m-dcasadevallpino-85a942" duration="00:00:00.0000010" startTime="2025-04-08T19:01:27.7769810-07:00" endTime="2025-04-08T19:01:27.7769810-07:00" testType="13cdc9d9-ddb5-4fa4-a97d-d965ccfc6d4b" outcome="Passed" testListId="8c84fa94-04c1-424b-9868-57a2d4851a1d" relativeResultsDirectory="c08b72cd-ae6a-4f3e-b9d4-be152eff5ce9" />
    <UnitTestResult executionId="d141ca28-8f31-4f3f-9dd7-672ad57245aa" testId="f65365ff-0894-216a-e190-d2514b726bca" testName="RPGCharacterService.UnitTests.Models.EquipmentTests.CalculateArmorClass_WithDifferentArmorTypes_ShouldReturnCorrectValue(armorType: Light, dexterityModifier: 2, shieldBonus: 0, expectedArmorClass: 13)" computerName="m-dcasadevallpino-85a942" duration="00:00:00.0000029" startTime="2025-04-08T19:01:27.7832460-07:00" endTime="2025-04-08T19:01:27.7832460-07:00" testType="13cdc9d9-ddb5-4fa4-a97d-d965ccfc6d4b" outcome="Passed" testListId="8c84fa94-04c1-424b-9868-57a2d4851a1d" relativeResultsDirectory="d141ca28-8f31-4f3f-9dd7-672ad57245aa" />
    <UnitTestResult executionId="a105ad38-9b67-47b8-add8-c92709f86d2a" testId="330cc080-2c6a-9b12-b38f-3e51bb41f933" testName="RPGCharacterService.UnitTests.Models.EquipmentTests.CalculateWeaponDamageModifier_WithDifferentWeapons_ShouldReturnCorrectAbility(weaponProperty: Finesse, strengthModifier: 2, dexterityModifier: 3, expected: Dexterity)" computerName="m-dcasadevallpino-85a942" duration="00:00:00.0000026" startTime="2025-04-08T19:01:27.7859170-07:00" endTime="2025-04-08T19:01:27.7859170-07:00" testType="13cdc9d9-ddb5-4fa4-a97d-d965ccfc6d4b" outcome="Passed" testListId="8c84fa94-04c1-424b-9868-57a2d4851a1d" relativeResultsDirectory="a105ad38-9b67-47b8-add8-c92709f86d2a" />
    <UnitTestResult executionId="67d98594-9aa4-4597-b0ce-b2c78d3eb10b" testId="b61c4f23-f9df-aa18-9a55-cf7b8921d66a" testName="RPGCharacterService.UnitTests.Models.Items.WeaponExtensionsTests.IsTwoHandedWeapon_WithNullEquipmentStats_ShouldReturnFalse" computerName="m-dcasadevallpino-85a942" duration="00:00:00.0018308" startTime="2025-04-08T19:01:27.7553600-07:00" endTime="2025-04-08T19:01:27.7553710-07:00" testType="13cdc9d9-ddb5-4fa4-a97d-d965ccfc6d4b" outcome="Passed" testListId="8c84fa94-04c1-424b-9868-57a2d4851a1d" relativeResultsDirectory="67d98594-9aa4-4597-b0ce-b2c78d3eb10b" />
    <UnitTestResult executionId="e323d9a4-f42e-4786-bb91-c67b32e623bd" testId="e7904d13-67d4-f8e4-1c66-74b88ce36bd0" testName="RPGCharacterService.UnitTests.Models.CharacterTests.CalculateWeaponDamageModifier_ShouldForwardToEquipment" computerName="m-dcasadevallpino-85a942" duration="00:00:00.0000791" startTime="2025-04-08T19:01:27.7842400-07:00" endTime="2025-04-08T19:01:27.7842400-07:00" testType="13cdc9d9-ddb5-4fa4-a97d-d965ccfc6d4b" outcome="Passed" testListId="8c84fa94-04c1-424b-9868-57a2d4851a1d" relativeResultsDirectory="e323d9a4-f42e-4786-bb91-c67b32e623bd" />
    <UnitTestResult executionId="8464d5a7-2b58-4a43-9199-49327c6610e1" testId="edd2342c-8453-bb64-f03c-d7355df4462c" testName="RPGCharacterService.UnitTests.Models.EquipmentTests.EquipArmor_WithValidArmor_ShouldEquipArmor" computerName="m-dcasadevallpino-85a942" duration="00:00:00.0000980" startTime="2025-04-08T19:01:27.7862280-07:00" endTime="2025-04-08T19:01:27.7862280-07:00" testType="13cdc9d9-ddb5-4fa4-a97d-d965ccfc6d4b" outcome="Passed" testListId="8c84fa94-04c1-424b-9868-57a2d4851a1d" relativeResultsDirectory="8464d5a7-2b58-4a43-9199-49327c6610e1" />
    <UnitTestResult executionId="ebf73c3b-a8ae-4c31-ab78-32c918b1e078" testId="fcb1054f-08a9-0c8c-4925-4007271fa038" testName="RPGCharacterService.UnitTests.Services.DiceServiceTests.Roll_WithInvalidCount_ShouldThrowInvalidDiceRollException(invalidCount: -1)" computerName="m-dcasadevallpino-85a942" duration="00:00:00.0006977" startTime="2025-04-08T19:01:27.7778990-07:00" endTime="2025-04-08T19:01:27.7778990-07:00" testType="13cdc9d9-ddb5-4fa4-a97d-d965ccfc6d4b" outcome="Passed" testListId="8c84fa94-04c1-424b-9868-57a2d4851a1d" relativeResultsDirectory="ebf73c3b-a8ae-4c31-ab78-32c918b1e078" />
    <UnitTestResult executionId="f0dfcd3e-1886-4bf2-87ec-5827307b8789" testId="57ef185a-5f72-fc57-92b1-b089ded5cbac" testName="RPGCharacterService.UnitTests.Models.CharacterTests.CalculateProficiencyBonus_WithDifferentLevels_ShouldReturnCorrectValue(level: 4, expectedBonus: 2)" computerName="m-dcasadevallpino-85a942" duration="00:00:00.0000011" startTime="2025-04-08T19:01:27.7774360-07:00" endTime="2025-04-08T19:01:27.7774360-07:00" testType="13cdc9d9-ddb5-4fa4-a97d-d965ccfc6d4b" outcome="Passed" testListId="8c84fa94-04c1-424b-9868-57a2d4851a1d" relativeResultsDirectory="f0dfcd3e-1886-4bf2-87ec-5827307b8789" />
    <UnitTestResult executionId="49a46533-43fd-4fda-b09e-57ed4ef41f9a" testId="5830be59-7e45-e094-a160-4251d750be9b" testName="RPGCharacterService.UnitTests.Services.EquipmentServiceTests.EquipWeapon_WithValidCharacterAndWeapon_ShouldUpdateCorrectHand(isOffHand: False)" computerName="m-dcasadevallpino-85a942" duration="00:00:00.0006272" startTime="2025-04-08T19:01:27.7990680-07:00" endTime="2025-04-08T19:01:27.7990680-07:00" testType="13cdc9d9-ddb5-4fa4-a97d-d965ccfc6d4b" outcome="Passed" testListId="8c84fa94-04c1-424b-9868-57a2d4851a1d" relativeResultsDirectory="49a46533-43fd-4fda-b09e-57ed4ef41f9a" />
    <UnitTestResult executionId="a3d35fa2-0224-49d3-a376-076efa6bbca4" testId="a0bf72e6-5de5-fc80-5129-b1c39788b98f" testName="RPGCharacterService.UnitTests.Models.Items.WeaponExtensionsTests.IsTwoHandedWeapon_WithNonWeaponItem_ShouldReturnFalse" computerName="m-dcasadevallpino-85a942" duration="00:00:00.0001664" startTime="2025-04-08T19:01:27.7692110-07:00" endTime="2025-04-08T19:01:27.7692110-07:00" testType="13cdc9d9-ddb5-4fa4-a97d-d965ccfc6d4b" outcome="Passed" testListId="8c84fa94-04c1-424b-9868-57a2d4851a1d" relativeResultsDirectory="a3d35fa2-0224-49d3-a376-076efa6bbca4" />
    <UnitTestResult executionId="15fe024d-4215-4223-a291-6635536aff75" testId="a7926446-d7a4-3105-da58-d2a2df8611d0" testName="RPGCharacterService.UnitTests.Models.CharacterTests.CalculateArmorClass_ShouldForwardToEquipment" computerName="m-dcasadevallpino-85a942" duration="00:00:00.0002881" startTime="2025-04-08T19:01:27.7830940-07:00" endTime="2025-04-08T19:01:27.7830940-07:00" testType="13cdc9d9-ddb5-4fa4-a97d-d965ccfc6d4b" outcome="Passed" testListId="8c84fa94-04c1-424b-9868-57a2d4851a1d" relativeResultsDirectory="15fe024d-4215-4223-a291-6635536aff75" />
    <UnitTestResult executionId="dbb81ab4-8797-455d-b433-7c3a828a5312" testId="b908d766-0bf0-dcdf-b175-67232fe9d3be" testName="RPGCharacterService.UnitTests.Models.Items.EquipmentExtensionsTests.IsShield_WithNullEquipmentStats_ShouldReturnFalse" computerName="m-dcasadevallpino-85a942" duration="00:00:00.0000327" startTime="2025-04-08T19:01:27.7708600-07:00" endTime="2025-04-08T19:01:27.7708600-07:00" testType="13cdc9d9-ddb5-4fa4-a97d-d965ccfc6d4b" outcome="Passed" testListId="8c84fa94-04c1-424b-9868-57a2d4851a1d" relativeResultsDirectory="dbb81ab4-8797-455d-b433-7c3a828a5312" />
    <UnitTestResult executionId="9965e164-6990-4006-bab6-c12948e13851" testId="504172b4-3c5f-7b93-cf56-81535e7395d8" testName="RPGCharacterService.UnitTests.Services.CharacterServiceTests.DeleteCharacterAsync_WithValidId_ShouldDeleteCharacter" computerName="m-dcasadevallpino-85a942" duration="00:00:00.0008347" startTime="2025-04-08T19:01:27.7989070-07:00" endTime="2025-04-08T19:01:27.7989070-07:00" testType="13cdc9d9-ddb5-4fa4-a97d-d965ccfc6d4b" outcome="Passed" testListId="8c84fa94-04c1-424b-9868-57a2d4851a1d" relativeResultsDirectory="9965e164-6990-4006-bab6-c12948e13851" />
    <UnitTestResult executionId="1e0cf4bb-1061-47a8-bc38-0bacb6198e0f" testId="22f3c283-1732-9ec2-2ca5-a8eee3b1eacd" testName="RPGCharacterService.UnitTests.Services.CurrencyServiceTests.ModifyCurrenciesAsync_WithInsufficientFunds_ShouldThrowException" computerName="m-dcasadevallpino-85a942" duration="00:00:00.0016395" startTime="2025-04-08T19:01:27.7982310-07:00" endTime="2025-04-08T19:01:27.7982310-07:00" testType="13cdc9d9-ddb5-4fa4-a97d-d965ccfc6d4b" outcome="Passed" testListId="8c84fa94-04c1-424b-9868-57a2d4851a1d" relativeResultsDirectory="1e0cf4bb-1061-47a8-bc38-0bacb6198e0f" />
    <UnitTestResult executionId="9913e046-eb5d-4984-80c9-a89361e48ba8" testId="e2dac172-94fe-4adf-697c-9fb18b2d9b93" testName="RPGCharacterService.UnitTests.Models.CharacterTests.CalculateMaxHitPoints_WithDifferentConstitutionAndLevels_ShouldReturnCorrectValue(constitution: 14, level: 5, expectedHitPoints: 20)" computerName="m-dcasadevallpino-85a942" duration="00:00:00.0000027" startTime="2025-04-08T19:01:27.7741420-07:00" endTime="2025-04-08T19:01:27.7741420-07:00" testType="13cdc9d9-ddb5-4fa4-a97d-d965ccfc6d4b" outcome="Passed" testListId="8c84fa94-04c1-424b-9868-57a2d4851a1d" relativeResultsDirectory="9913e046-eb5d-4984-80c9-a89361e48ba8" />
    <UnitTestResult executionId="99d74cd8-4d95-4365-9e23-895010e4a583" testId="60d3dddb-b123-7281-eb2d-b76f28018cd5" testName="RPGCharacterService.UnitTests.Models.EquipmentTests.CalculateWeaponDamageModifier_WithDifferentWeapons_ShouldReturnCorrectAbility(weaponProperty: None, strengthModifier: 3, dexterityModifier: 2, expected: Strength)" computerName="m-dcasadevallpino-85a942" duration="00:00:00.0000835" startTime="2025-04-08T19:01:27.7856240-07:00" endTime="2025-04-08T19:01:27.7856240-07:00" testType="13cdc9d9-ddb5-4fa4-a97d-d965ccfc6d4b" outcome="Passed" testListId="8c84fa94-04c1-424b-9868-57a2d4851a1d" relativeResultsDirectory="99d74cd8-4d95-4365-9e23-895010e4a583" />
    <UnitTestResult executionId="88a6e580-b8aa-4f67-99f0-a5af460536d5" testId="355fcc19-b7c7-7b23-bcb9-65f61485a19c" testName="RPGCharacterService.UnitTests.Services.CurrencyServiceTests.ExchangeCurrencyAsync_WithValidExchange_ShouldUpdateCurrenciesCorrectly(fromCurrency: Platinum, toCurrency: Gold, amount: 1, initialFromAmount: 1000, initialToAmount: 0, expectedFinalFromAmount: 999, expectedFinalToAmount: 10)" computerName="m-dcasadevallpino-85a942" duration="00:00:00.0006409" startTime="2025-04-08T19:01:27.7943600-07:00" endTime="2025-04-08T19:01:27.7943600-07:00" testType="13cdc9d9-ddb5-4fa4-a97d-d965ccfc6d4b" outcome="Passed" testListId="8c84fa94-04c1-424b-9868-57a2d4851a1d" relativeResultsDirectory="88a6e580-b8aa-4f67-99f0-a5af460536d5" />
    <UnitTestResult executionId="90912d2a-9e6c-4ae5-ab0c-1254e370d086" testId="bde0f419-609c-b8d6-c03c-c4a2b7b9d36d" testName="RPGCharacterService.UnitTests.Services.CharacterServiceTests.CreateCharacterAsync_WithExistingName_ShouldThrowCharacterAlreadyExistsException" computerName="m-dcasadevallpino-85a942" duration="00:00:00.0006819" startTime="2025-04-08T19:01:27.7980590-07:00" endTime="2025-04-08T19:01:27.7980590-07:00" testType="13cdc9d9-ddb5-4fa4-a97d-d965ccfc6d4b" outcome="Passed" testListId="8c84fa94-04c1-424b-9868-57a2d4851a1d" relativeResultsDirectory="90912d2a-9e6c-4ae5-ab0c-1254e370d086" />
    <UnitTestResult executionId="81bbd006-5283-4d60-93cf-26a509c6bd33" testId="780b4609-e18c-3bb2-6f99-a8b747996f30" testName="RPGCharacterService.UnitTests.Models.CharacterTests.CalculateProficiencyBonus_WithDifferentLevels_ShouldReturnCorrectValue(level: 20, expectedBonus: 6)" computerName="m-dcasadevallpino-85a942" duration="00:00:00.0000667" startTime="2025-04-08T19:01:27.7763720-07:00" endTime="2025-04-08T19:01:27.7763720-07:00" testType="13cdc9d9-ddb5-4fa4-a97d-d965ccfc6d4b" outcome="Passed" testListId="8c84fa94-04c1-424b-9868-57a2d4851a1d" relativeResultsDirectory="81bbd006-5283-4d60-93cf-26a509c6bd33" />
    <UnitTestResult executionId="d6065953-1eeb-40ac-aed4-ef055272f9b0" testId="6f3e6da7-32f8-22d7-f0d4-9fbaaa2cb5fb" testName="RPGCharacterService.UnitTests.Models.CharacterTests.CalculateAbilityModifier_WithDifferentScores_ShouldReturnCorrectValue(score: 20, expectedModifier: 5)" computerName="m-dcasadevallpino-85a942" duration="00:00:00.0000012" startTime="2025-04-08T19:01:27.7724750-07:00" endTime="2025-04-08T19:01:27.7724750-07:00" testType="13cdc9d9-ddb5-4fa4-a97d-d965ccfc6d4b" outcome="Passed" testListId="8c84fa94-04c1-424b-9868-57a2d4851a1d" relativeResultsDirectory="d6065953-1eeb-40ac-aed4-ef055272f9b0" />
    <UnitTestResult executionId="1bde67ec-0080-4a29-aaf8-69b45090a469" testId="1d5dc6ef-6526-fe8d-20b5-1f0421ae64f5" testName="RPGCharacterService.UnitTests.Services.CurrencyServiceTests.ExchangeCurrencyAsync_WhenNotInitialized_ShouldThrowException" computerName="m-dcasadevallpino-85a942" duration="00:00:00.0004708" startTime="2025-04-08T19:01:27.8003180-07:00" endTime="2025-04-08T19:01:27.8003180-07:00" testType="13cdc9d9-ddb5-4fa4-a97d-d965ccfc6d4b" outcome="Passed" testListId="8c84fa94-04c1-424b-9868-57a2d4851a1d" relativeResultsDirectory="1bde67ec-0080-4a29-aaf8-69b45090a469" />
    <UnitTestResult executionId="31cc21e2-efb7-4b99-9653-bbcea53568e9" testId="da20a0c7-9ecb-09d4-1b5d-acd51fd77bba" testName="RPGCharacterService.UnitTests.Services.StatsServiceTests.ModifyHitPointsAsync_WithExcessiveHealing_ShouldClampToMaxHitPoints" computerName="m-dcasadevallpino-85a942" duration="00:00:00.0009955" startTime="2025-04-08T19:01:27.7939650-07:00" endTime="2025-04-08T19:01:27.7939650-07:00" testType="13cdc9d9-ddb5-4fa4-a97d-d965ccfc6d4b" outcome="Passed" testListId="8c84fa94-04c1-424b-9868-57a2d4851a1d" relativeResultsDirectory="31cc21e2-efb7-4b99-9653-bbcea53568e9" />
    <UnitTestResult executionId="7839cbb1-fcce-4131-89f5-3f2ff77d2262" testId="652b8399-9aaf-aca1-d663-12bd05f4c6dc" testName="RPGCharacterService.UnitTests.Services.CurrencyServiceTests.ExchangeCurrencyAsync_WithInsufficientFromCurrency_ShouldThrowException" computerName="m-dcasadevallpino-85a942" duration="00:00:00.0006798" startTime="2025-04-08T19:01:27.8113270-07:00" endTime="2025-04-08T19:01:27.8113270-07:00" testType="13cdc9d9-ddb5-4fa4-a97d-d965ccfc6d4b" outcome="Passed" testListId="8c84fa94-04c1-424b-9868-57a2d4851a1d" relativeResultsDirectory="7839cbb1-fcce-4131-89f5-3f2ff77d2262" />
    <UnitTestResult executionId="9c782ca9-ff07-46bb-adc8-11a2977b5256" testId="80cfdb32-3d65-cdf1-1149-8f3dd5a7a6b4" testName="RPGCharacterService.UnitTests.Models.CharacterTests.CalculateAbilityModifier_WithDifferentScores_ShouldReturnCorrectValue(score: 18, expectedModifier: 4)" computerName="m-dcasadevallpino-85a942" duration="00:00:00.0000012" startTime="2025-04-08T19:01:27.7727480-07:00" endTime="2025-04-08T19:01:27.7727480-07:00" testType="13cdc9d9-ddb5-4fa4-a97d-d965ccfc6d4b" outcome="Passed" testListId="8c84fa94-04c1-424b-9868-57a2d4851a1d" relativeResultsDirectory="9c782ca9-ff07-46bb-adc8-11a2977b5256" />
    <UnitTestResult executionId="dcb0b214-6cba-48c6-80fb-f7f7930ad8e6" testId="042d1927-1ae6-5840-e835-9bd64440deef" testName="RPGCharacterService.UnitTests.Models.Items.EquipmentExtensionsTests.IsArmor_WithNullEquipmentStats_ShouldReturnFalse" computerName="m-dcasadevallpino-85a942" duration="00:00:00.0001080" startTime="2025-04-08T19:01:27.7690240-07:00" endTime="2025-04-08T19:01:27.7690240-07:00" testType="13cdc9d9-ddb5-4fa4-a97d-d965ccfc6d4b" outcome="Passed" testListId="8c84fa94-04c1-424b-9868-57a2d4851a1d" relativeResultsDirectory="dcb0b214-6cba-48c6-80fb-f7f7930ad8e6" />
    <UnitTestResult executionId="3de5352a-3508-4660-bcaa-addc7093bdad" testId="4c718b80-a47c-8772-69d2-496b1a8dfbae" testName="RPGCharacterService.UnitTests.Models.EquipmentTests.CalculateArmorClass_WithDifferentArmorTypes_ShouldReturnCorrectValue(armorType: Medium, dexterityModifier: 0, shieldBonus: 0, expectedArmorClass: 13)" computerName="m-dcasadevallpino-85a942" duration="00:00:00.0000015" startTime="2025-04-08T19:01:27.7844840-07:00" endTime="2025-04-08T19:01:27.7844840-07:00" testType="13cdc9d9-ddb5-4fa4-a97d-d965ccfc6d4b" outcome="Passed" testListId="8c84fa94-04c1-424b-9868-57a2d4851a1d" relativeResultsDirectory="3de5352a-3508-4660-bcaa-addc7093bdad" />
    <UnitTestResult executionId="ec49ce1d-b1c9-4a2b-a12a-24913a7a4152" testId="8bac99b7-05cb-bb59-11fc-2efb4962a2f7" testName="RPGCharacterService.UnitTests.Models.EquipmentTests.CalculateArmorClass_WithNoArmor_ShouldReturnBasePlusDexterity(dexterity: 10, expectedArmorClass: 10)" computerName="m-dcasadevallpino-85a942" duration="00:00:00.0000050" startTime="2025-04-08T19:01:27.7753820-07:00" endTime="2025-04-08T19:01:27.7753820-07:00" testType="13cdc9d9-ddb5-4fa4-a97d-d965ccfc6d4b" outcome="Passed" testListId="8c84fa94-04c1-424b-9868-57a2d4851a1d" relativeResultsDirectory="ec49ce1d-b1c9-4a2b-a12a-24913a7a4152" />
    <UnitTestResult executionId="b6c61626-ddcf-4770-a8f9-31ebde5ba643" testId="d0e18485-9b21-baa7-4ba9-eef6d979daa7" testName="RPGCharacterService.UnitTests.Services.CurrencyServiceTests.ExchangeCurrencyAsync_WithoutEnoughFromAmount_ShouldThrowException(from: Silver, to: Platinum, amount: 8)" computerName="m-dcasadevallpino-85a942" duration="00:00:00.0003867" startTime="2025-04-08T19:01:27.7886070-07:00" endTime="2025-04-08T19:01:27.7886070-07:00" testType="13cdc9d9-ddb5-4fa4-a97d-d965ccfc6d4b" outcome="Passed" testListId="8c84fa94-04c1-424b-9868-57a2d4851a1d" relativeResultsDirectory="b6c61626-ddcf-4770-a8f9-31ebde5ba643" />
    <UnitTestResult executionId="bce44faf-0ffc-44f1-bcc0-ba343be5c8dc" testId="1b2dc89c-99be-cf6b-ade5-59462b121aed" testName="RPGCharacterService.UnitTests.Services.CharacterServiceTests.GetCharacterAsync_WithInvalidId_ShouldThrowCharacterNotFoundException" computerName="m-dcasadevallpino-85a942" duration="00:00:00.0008422" startTime="2025-04-08T19:01:27.7973520-07:00" endTime="2025-04-08T19:01:27.7973520-07:00" testType="13cdc9d9-ddb5-4fa4-a97d-d965ccfc6d4b" outcome="Passed" testListId="8c84fa94-04c1-424b-9868-57a2d4851a1d" relativeResultsDirectory="bce44faf-0ffc-44f1-bcc0-ba343be5c8dc" />
    <UnitTestResult executionId="92516a99-daa4-4f1b-883a-ddc97db5f77a" testId="4ede8760-713b-1f69-7bdf-9b40f26663c5" testName="RPGCharacterService.UnitTests.Services.CurrencyServiceTests.ExchangeCurrencyAsync_WithValidExchange_ShouldUpdateCurrenciesCorrectly(fromCurrency: Gold, toCurrency: Platinum, amount: 10, initialFromAmount: 100, initialToAmount: 0, expectedFinalFromAmount: 90, expectedFinalToAmount: 1)" computerName="m-dcasadevallpino-85a942" duration="00:00:00.0003161" startTime="2025-04-08T19:01:27.7948750-07:00" endTime="2025-04-08T19:01:27.7948750-07:00" testType="13cdc9d9-ddb5-4fa4-a97d-d965ccfc6d4b" outcome="Passed" testListId="8c84fa94-04c1-424b-9868-57a2d4851a1d" relativeResultsDirectory="92516a99-daa4-4f1b-883a-ddc97db5f77a" />
    <UnitTestResult executionId="18169723-47c1-43f3-b258-409f312e0162" testId="05a66bba-775b-3a25-38ca-8bd92252cc2f" testName="RPGCharacterService.UnitTests.Models.CharacterTests.CalculateProficiencyBonus_WithDifferentLevels_ShouldReturnCorrectValue(level: 8, expectedBonus: 3)" computerName="m-dcasadevallpino-85a942" duration="00:00:00.0001460" startTime="2025-04-08T19:01:27.7762190-07:00" endTime="2025-04-08T19:01:27.7762190-07:00" testType="13cdc9d9-ddb5-4fa4-a97d-d965ccfc6d4b" outcome="Passed" testListId="8c84fa94-04c1-424b-9868-57a2d4851a1d" relativeResultsDirectory="18169723-47c1-43f3-b258-409f312e0162" />
    <UnitTestResult executionId="bc45ab02-1dfe-4e95-9944-c6fb61817403" testId="42fefd6a-f2d2-f14f-abf5-76133ce16e8d" testName="RPGCharacterService.UnitTests.Models.CharacterTests.CalculateAbilityModifier_WithDifferentScores_ShouldReturnCorrectValue(score: 14, expectedModifier: 2)" computerName="m-dcasadevallpino-85a942" duration="00:00:00.0000011" startTime="2025-04-08T19:01:27.7732840-07:00" endTime="2025-04-08T19:01:27.7732840-07:00" testType="13cdc9d9-ddb5-4fa4-a97d-d965ccfc6d4b" outcome="Passed" testListId="8c84fa94-04c1-424b-9868-57a2d4851a1d" relativeResultsDirectory="bc45ab02-1dfe-4e95-9944-c6fb61817403" />
    <UnitTestResult executionId="b57d3058-617d-4052-b1f3-23e8166cefea" testId="a9cb2417-642a-257e-7a4f-81215aa7b87e" testName="RPGCharacterService.UnitTests.Services.CurrencyServiceTests.ExchangeCurrencyAsync_WithValidExchange_ShouldUpdateCurrenciesCorrectly(fromCurrency: Gold, toCurrency: Electrum, amount: 1, initialFromAmount: 100, initialToAmount: 0, expectedFinalFromAmount: 99, expectedFinalToAmount: 2)" computerName="m-dcasadevallpino-85a942" duration="00:00:00.0003220" startTime="2025-04-08T19:01:27.7956070-07:00" endTime="2025-04-08T19:01:27.7956070-07:00" testType="13cdc9d9-ddb5-4fa4-a97d-d965ccfc6d4b" outcome="Passed" testListId="8c84fa94-04c1-424b-9868-57a2d4851a1d" relativeResultsDirectory="b57d3058-617d-4052-b1f3-23e8166cefea" />
    <UnitTestResult executionId="7011e727-f8af-4b5d-8403-be96b49f5877" testId="d8bed381-82b2-e448-a75c-f112ecfa005e" testName="RPGCharacterService.UnitTests.Services.DiceServiceTests.Roll_WithInvalidCount_ShouldThrowInvalidDiceRollException(invalidCount: 0)" computerName="m-dcasadevallpino-85a942" duration="00:00:00.0000708" startTime="2025-04-08T19:01:27.7817860-07:00" endTime="2025-04-08T19:01:27.7817860-07:00" testType="13cdc9d9-ddb5-4fa4-a97d-d965ccfc6d4b" outcome="Passed" testListId="8c84fa94-04c1-424b-9868-57a2d4851a1d" relativeResultsDirectory="7011e727-f8af-4b5d-8403-be96b49f5877" />
    <UnitTestResult executionId="78fd0916-eaed-4bb4-a13d-b36263a64204" testId="e2e20b69-08f5-9b1d-88eb-3be294cb4f24" testName="RPGCharacterService.UnitTests.Services.StatsServiceTests.ModifyHitPointsAsync_WithNegativeDelta_ShouldDecreaseHitPoints" computerName="m-dcasadevallpino-85a942" duration="00:00:00.0009161" startTime="2025-04-08T19:01:27.7969430-07:00" endTime="2025-04-08T19:01:27.7969430-07:00" testType="13cdc9d9-ddb5-4fa4-a97d-d965ccfc6d4b" outcome="Passed" testListId="8c84fa94-04c1-424b-9868-57a2d4851a1d" relativeResultsDirectory="78fd0916-eaed-4bb4-a13d-b36263a64204" />
    <UnitTestResult executionId="4b9c12aa-067f-4a55-9758-81ab672810f0" testId="4be25dd9-a602-5a1d-092b-e8b95986f97f" testName="RPGCharacterService.UnitTests.Models.CharacterTests.CalculateAbilityModifier_WithDifferentScores_ShouldReturnCorrectValue(score: 10, expectedModifier: 0)" computerName="m-dcasadevallpino-85a942" duration="00:00:00.0000028" startTime="2025-04-08T19:01:27.7719330-07:00" endTime="2025-04-08T19:01:27.7719330-07:00" testType="13cdc9d9-ddb5-4fa4-a97d-d965ccfc6d4b" outcome="Passed" testListId="8c84fa94-04c1-424b-9868-57a2d4851a1d" relativeResultsDirectory="4b9c12aa-067f-4a55-9758-81ab672810f0" />
    <UnitTestResult executionId="714b84d2-d04d-41b2-b671-b09de6fe946f" testId="4b486888-5789-ae18-9732-3eb6d73b0fc1" testName="RPGCharacterService.UnitTests.Services.DiceServiceTests.Roll_WithValidInput_ShouldReturnCorrectNumberOfResults(sides: Eight, count: 3)" computerName="m-dcasadevallpino-85a942" duration="00:00:00.0000029" startTime="2025-04-08T19:01:27.7746180-07:00" endTime="2025-04-08T19:01:27.7746180-07:00" testType="13cdc9d9-ddb5-4fa4-a97d-d965ccfc6d4b" outcome="Passed" testListId="8c84fa94-04c1-424b-9868-57a2d4851a1d" relativeResultsDirectory="714b84d2-d04d-41b2-b671-b09de6fe946f" />
    <UnitTestResult executionId="00ffad05-18fc-49f1-a93c-387880fc2410" testId="0bcaba21-b0d9-e4b0-4e9a-2df92675e9d6" testName="RPGCharacterService.UnitTests.Models.EquipmentTests.CalculateArmorClass_WithDifferentArmorTypes_ShouldReturnCorrectValue(armorType: Medium, dexterityModifier: 4, shieldBonus: 0, expectedArmorClass: 15)" computerName="m-dcasadevallpino-85a942" duration="00:00:00.0000012" startTime="2025-04-08T19:01:27.7839090-07:00" endTime="2025-04-08T19:01:27.7839090-07:00" testType="13cdc9d9-ddb5-4fa4-a97d-d965ccfc6d4b" outcome="Passed" testListId="8c84fa94-04c1-424b-9868-57a2d4851a1d" relativeResultsDirectory="00ffad05-18fc-49f1-a93c-387880fc2410" />
    <UnitTestResult executionId="b5b560b2-cd2a-4e3d-a7a1-68cdc2cae7c8" testId="4a2af666-a0de-d7c0-d98b-50b9a9efdbfc" testName="RPGCharacterService.UnitTests.Models.CharacterTests.CalculateMaxHitPoints_WithDifferentConstitutionAndLevels_ShouldReturnCorrectValue(constitution: 10, level: 5, expectedHitPoints: 10)" computerName="m-dcasadevallpino-85a942" duration="00:00:00.0001048" startTime="2025-04-08T19:01:27.7739340-07:00" endTime="2025-04-08T19:01:27.7739340-07:00" testType="13cdc9d9-ddb5-4fa4-a97d-d965ccfc6d4b" outcome="Passed" testListId="8c84fa94-04c1-424b-9868-57a2d4851a1d" relativeResultsDirectory="b5b560b2-cd2a-4e3d-a7a1-68cdc2cae7c8" />
    <UnitTestResult executionId="09fb9328-c555-448a-aad3-3782ecc5e5eb" testId="a1da642f-00f3-2966-3c23-6eb073b95175" testName="RPGCharacterService.UnitTests.Models.EquipmentTests.EquipWeapon_WithTwoHandedWeaponInOffHand_ShouldThrowIllegalEquipmentStateException" computerName="m-dcasadevallpino-85a942" duration="00:00:00.0001330" startTime="2025-04-08T19:01:27.7866820-07:00" endTime="2025-04-08T19:01:27.7866820-07:00" testType="13cdc9d9-ddb5-4fa4-a97d-d965ccfc6d4b" outcome="Passed" testListId="8c84fa94-04c1-424b-9868-57a2d4851a1d" relativeResultsDirectory="09fb9328-c555-448a-aad3-3782ecc5e5eb" />
    <UnitTestResult executionId="5e3fc97e-52e8-4321-a2f7-f8d4b627c3f8" testId="60e94fff-bfd9-0412-0dd4-3694d2913f8a" testName="RPGCharacterService.UnitTests.Models.EquipmentTests.EquipWeapon_WithExistingWeapon_ShouldReplaceWeapon(isOffHand: False)" computerName="m-dcasadevallpino-85a942" duration="00:00:00.0001668" startTime="2025-04-08T19:01:27.7851430-07:00" endTime="2025-04-08T19:01:27.7851430-07:00" testType="13cdc9d9-ddb5-4fa4-a97d-d965ccfc6d4b" outcome="Passed" testListId="8c84fa94-04c1-424b-9868-57a2d4851a1d" relativeResultsDirectory="5e3fc97e-52e8-4321-a2f7-f8d4b627c3f8" />
    <UnitTestResult executionId="d0c1bb6e-431f-45c1-846f-00c48e922872" testId="b31c4638-2c44-df06-022c-4b76ce32323a" testName="RPGCharacterService.UnitTests.Services.DiceServiceTests.Roll_WithValidInput_ShouldReturnCorrectNumberOfResults(sides: Six, count: 2)" computerName="m-dcasadevallpino-85a942" duration="00:00:00.0000030" startTime="2025-04-08T19:01:27.7742100-07:00" endTime="2025-04-08T19:01:27.7742100-07:00" testType="13cdc9d9-ddb5-4fa4-a97d-d965ccfc6d4b" outcome="Passed" testListId="8c84fa94-04c1-424b-9868-57a2d4851a1d" relativeResultsDirectory="d0c1bb6e-431f-45c1-846f-00c48e922872" />
    <UnitTestResult executionId="09ed5b14-74f7-4e67-865f-846091ef32ba" testId="76c6ace2-19e3-53a9-b274-98d3d4352a47" testName="RPGCharacterService.UnitTests.Models.Items.EquipmentExtensionsTests.IsShield_WithNonShieldItem_ShouldReturnFalse" computerName="m-dcasadevallpino-85a942" duration="00:00:00.0000560" startTime="2025-04-08T19:01:27.7698160-07:00" endTime="2025-04-08T19:01:27.7698160-07:00" testType="13cdc9d9-ddb5-4fa4-a97d-d965ccfc6d4b" outcome="Passed" testListId="8c84fa94-04c1-424b-9868-57a2d4851a1d" relativeResultsDirectory="09ed5b14-74f7-4e67-865f-846091ef32ba" />
    <UnitTestResult executionId="b4e5d6e6-5e39-4d2e-9814-c1d263e9bb75" testId="1b4c674f-4ab8-73cd-9835-99b772c49746" testName="RPGCharacterService.UnitTests.Models.CharacterTests.CalculateAbilityModifier_WithDifferentScores_ShouldReturnCorrectValue(score: 5, expectedModifier: -3)" computerName="m-dcasadevallpino-85a942" duration="00:00:00.0000013" startTime="2025-04-08T19:01:27.7730190-07:00" endTime="2025-04-08T19:01:27.7730190-07:00" testType="13cdc9d9-ddb5-4fa4-a97d-d965ccfc6d4b" outcome="Passed" testListId="8c84fa94-04c1-424b-9868-57a2d4851a1d" relativeResultsDirectory="b4e5d6e6-5e39-4d2e-9814-c1d263e9bb75" />
    <UnitTestResult executionId="35863be4-b1e4-40c9-b506-dad7296890d5" testId="91dddab9-e321-1821-5fce-45ee56249ffd" testName="RPGCharacterService.UnitTests.Services.CurrencyServiceTests.GenerateInitialCurrencyAsync_WhenAlreadyInitialized_ShouldThrowException" computerName="m-dcasadevallpino-85a942" duration="00:00:00.0010855" startTime="2025-04-08T19:01:27.7998730-07:00" endTime="2025-04-08T19:01:27.7998730-07:00" testType="13cdc9d9-ddb5-4fa4-a97d-d965ccfc6d4b" outcome="Passed" testListId="8c84fa94-04c1-424b-9868-57a2d4851a1d" relativeResultsDirectory="35863be4-b1e4-40c9-b506-dad7296890d5" />
    <UnitTestResult executionId="eebefa2d-e29a-47b9-93cb-f5e564c28a8e" testId="f78cb7d0-8bc2-c406-fc21-6c5a8f4cf7df" testName="RPGCharacterService.UnitTests.Models.EquipmentTests.CalculateWeaponDamageModifier_WithNoWeapon_ShouldReturnStrength" computerName="m-dcasadevallpino-85a942" duration="00:00:00.0042486" startTime="2025-04-08T19:01:27.7713800-07:00" endTime="2025-04-08T19:01:27.7713800-07:00" testType="13cdc9d9-ddb5-4fa4-a97d-d965ccfc6d4b" outcome="Passed" testListId="8c84fa94-04c1-424b-9868-57a2d4851a1d" relativeResultsDirectory="eebefa2d-e29a-47b9-93cb-f5e564c28a8e" />
    <UnitTestResult executionId="a16ef7c5-383a-436e-927f-9e4171971d17" testId="96771ea6-3ae2-a8af-667c-e839f73db8b1" testName="RPGCharacterService.UnitTests.Services.CurrencyServiceTests.ExchangeCurrencyAsync_WithNegativeAmount_ShouldThrowException" computerName="m-dcasadevallpino-85a942" duration="00:00:00.0005514" startTime="2025-04-08T19:01:27.8033710-07:00" endTime="2025-04-08T19:01:27.8033710-07:00" testType="13cdc9d9-ddb5-4fa4-a97d-d965ccfc6d4b" outcome="Passed" testListId="8c84fa94-04c1-424b-9868-57a2d4851a1d" relativeResultsDirectory="a16ef7c5-383a-436e-927f-9e4171971d17" />
    <UnitTestResult executionId="36b6ebae-a11e-4000-bb62-20490af0cbb2" testId="9f58bb9f-5587-0aac-134a-6156727a46cf" testName="RPGCharacterService.UnitTests.Services.DiceServiceTests.Roll_WithValidInput_ShouldReturnCorrectNumberOfResults(sides: Twenty, count: 6)" computerName="m-dcasadevallpino-85a942" duration="00:00:00.0000961" startTime="2025-04-08T19:01:27.7738610-07:00" endTime="2025-04-08T19:01:27.7738610-07:00" testType="13cdc9d9-ddb5-4fa4-a97d-d965ccfc6d4b" outcome="Passed" testListId="8c84fa94-04c1-424b-9868-57a2d4851a1d" relativeResultsDirectory="36b6ebae-a11e-4000-bb62-20490af0cbb2" />
    <UnitTestResult executionId="32eb425c-b5c8-4a80-8b99-04a37a2576d2" testId="84a347cd-d0da-0af2-f5d3-7f6f42eae87e" testName="RPGCharacterService.UnitTests.Services.CurrencyServiceTests.ExchangeCurrencyAsync_WhenCharacterNotFound_ShouldThrowException" computerName="m-dcasadevallpino-85a942" duration="00:00:00.0004513" startTime="2025-04-08T19:01:27.8043970-07:00" endTime="2025-04-08T19:01:27.8043970-07:00" testType="13cdc9d9-ddb5-4fa4-a97d-d965ccfc6d4b" outcome="Passed" testListId="8c84fa94-04c1-424b-9868-57a2d4851a1d" relativeResultsDirectory="32eb425c-b5c8-4a80-8b99-04a37a2576d2" />
    <UnitTestResult executionId="658ceff7-9999-4059-8d67-0e04d521220a" testId="89e443e5-07ea-b3a4-f2f3-4bfe62f54d3e" testName="RPGCharacterService.UnitTests.Models.CharacterTests.CalculateMaxHitPoints_WithDifferentConstitutionAndLevels_ShouldReturnCorrectValue(constitution: 10, level: 1, expectedHitPoints: 10)" computerName="m-dcasadevallpino-85a942" duration="00:00:00.0002928" startTime="2025-04-08T19:01:27.7734390-07:00" endTime="2025-04-08T19:01:27.7734390-07:00" testType="13cdc9d9-ddb5-4fa4-a97d-d965ccfc6d4b" outcome="Passed" testListId="8c84fa94-04c1-424b-9868-57a2d4851a1d" relativeResultsDirectory="658ceff7-9999-4059-8d67-0e04d521220a" />
    <UnitTestResult executionId="5843edef-5e68-49f9-b295-92a0dcaccc45" testId="890c6293-da8f-7fea-1f81-fa0f62a7027d" testName="RPGCharacterService.UnitTests.Models.EquipmentTests.CalculateWeaponDamageModifier_WithDifferentWeapons_ShouldReturnCorrectAbility(weaponProperty: None, strengthModifier: 2, dexterityModifier: 3, expected: Strength)" computerName="m-dcasadevallpino-85a942" duration="00:00:00.0000019" startTime="2025-04-08T19:01:27.7860640-07:00" endTime="2025-04-08T19:01:27.7860640-07:00" testType="13cdc9d9-ddb5-4fa4-a97d-d965ccfc6d4b" outcome="Passed" testListId="8c84fa94-04c1-424b-9868-57a2d4851a1d" relativeResultsDirectory="5843edef-5e68-49f9-b295-92a0dcaccc45" />
    <UnitTestResult executionId="f0b80595-b408-4f64-8db5-8017b9ff0560" testId="4b96070d-f55c-5b2c-abd6-dab8463967b5" testName="RPGCharacterService.UnitTests.Models.CharacterTests.CalculateMaxHitPoints_WithDifferentConstitutionAndLevels_ShouldReturnCorrectValue(constitution: 14, level: 1, expectedHitPoints: 12)" computerName="m-dcasadevallpino-85a942" duration="00:00:00.0000230" startTime="2025-04-08T19:01:27.7756770-07:00" endTime="2025-04-08T19:01:27.7756770-07:00" testType="13cdc9d9-ddb5-4fa4-a97d-d965ccfc6d4b" outcome="Passed" testListId="8c84fa94-04c1-424b-9868-57a2d4851a1d" relativeResultsDirectory="f0b80595-b408-4f64-8db5-8017b9ff0560" />
    <UnitTestResult executionId="26dd3586-a9b2-4ae1-ae2b-3b38ca20c24e" testId="3292bdba-8bd4-0ee6-4ea4-f44447700c34" testName="RPGCharacterService.UnitTests.Models.Items.EquipmentExtensionsTests.IsWeapon_WithWeaponItem_ShouldReturnTrue" computerName="m-dcasadevallpino-85a942" duration="00:00:00.0000648" startTime="2025-04-08T19:01:27.7693690-07:00" endTime="2025-04-08T19:01:27.7693690-07:00" testType="13cdc9d9-ddb5-4fa4-a97d-d965ccfc6d4b" outcome="Passed" testListId="8c84fa94-04c1-424b-9868-57a2d4851a1d" relativeResultsDirectory="26dd3586-a9b2-4ae1-ae2b-3b38ca20c24e" />
    <UnitTestResult executionId="76df27f6-9233-4b3b-a993-590c9690953f" testId="cbca1f5e-811c-1da9-d270-3879b6a0a9b5" testName="RPGCharacterService.UnitTests.Services.EquipmentServiceTests.EquipWeapon_WithNonExistentWeapon_ShouldThrowItemNotFoundException" computerName="m-dcasadevallpino-85a942" duration="00:00:00.0385747" startTime="2025-04-08T19:01:27.7881690-07:00" endTime="2025-04-08T19:01:27.7881700-07:00" testType="13cdc9d9-ddb5-4fa4-a97d-d965ccfc6d4b" outcome="Passed" testListId="8c84fa94-04c1-424b-9868-57a2d4851a1d" relativeResultsDirectory="76df27f6-9233-4b3b-a993-590c9690953f" />
    <UnitTestResult executionId="b55d5bc1-86fc-4185-aad3-8e535d9a453e" testId="47489554-0f71-112b-12e1-302fb8de0aac" testName="RPGCharacterService.UnitTests.Models.CharacterTests.CalculateProficiencyBonus_WithDifferentLevels_ShouldReturnCorrectValue(level: 1, expectedBonus: 2)" computerName="m-dcasadevallpino-85a942" duration="00:00:00.0000015" startTime="2025-04-08T19:01:27.7765350-07:00" endTime="2025-04-08T19:01:27.7765350-07:00" testType="13cdc9d9-ddb5-4fa4-a97d-d965ccfc6d4b" outcome="Passed" testListId="8c84fa94-04c1-424b-9868-57a2d4851a1d" relativeResultsDirectory="b55d5bc1-86fc-4185-aad3-8e535d9a453e" />
    <UnitTestResult executionId="63d3cd9c-0751-44bc-b2f4-a4dcc2a9402d" testId="8c502f57-6f21-dd11-4440-e4be6bdd76d9" testName="RPGCharacterService.UnitTests.Models.EquipmentTests.CalculateWeaponDamageModifier_WithNonFinesseWeapon_ShouldReturnStrength" computerName="m-dcasadevallpino-85a942" duration="00:00:00.0000871" startTime="2025-04-08T19:01:27.7876820-07:00" endTime="2025-04-08T19:01:27.7876820-07:00" testType="13cdc9d9-ddb5-4fa4-a97d-d965ccfc6d4b" outcome="Passed" testListId="8c84fa94-04c1-424b-9868-57a2d4851a1d" relativeResultsDirectory="63d3cd9c-0751-44bc-b2f4-a4dcc2a9402d" />
    <UnitTestResult executionId="aa90d46f-5564-45da-874f-9a57f45c5f4d" testId="8ffd54d6-848f-71cd-1efb-52faef408542" testName="RPGCharacterService.UnitTests.Models.CharacterTests.CalculateWeaponModifier_WithRangedWeapon_ShouldReturnDex" computerName="m-dcasadevallpino-85a942" duration="00:00:00.0007780" startTime="2025-04-08T19:01:27.7821400-07:00" endTime="2025-04-08T19:01:27.7821400-07:00" testType="13cdc9d9-ddb5-4fa4-a97d-d965ccfc6d4b" outcome="Passed" testListId="8c84fa94-04c1-424b-9868-57a2d4851a1d" relativeResultsDirectory="aa90d46f-5564-45da-874f-9a57f45c5f4d" />
    <UnitTestResult executionId="12c47e74-b437-4a32-9a5e-d0f6eb29d845" testId="4868f155-23cc-f987-aedc-89dafd3f545a" testName="RPGCharacterService.UnitTests.Services.CharacterServiceTests.DeleteCharacterAsync_WithInvalidId_ShouldThrowCharacterNotFoundException" computerName="m-dcasadevallpino-85a942" duration="00:00:00.0006956" startTime="2025-04-08T19:01:27.7996330-07:00" endTime="2025-04-08T19:01:27.7996330-07:00" testType="13cdc9d9-ddb5-4fa4-a97d-d965ccfc6d4b" outcome="Passed" testListId="8c84fa94-04c1-424b-9868-57a2d4851a1d" relativeResultsDirectory="12c47e74-b437-4a32-9a5e-d0f6eb29d845" />
    <UnitTestResult executionId="641b0404-7845-4e8c-8f60-cf6ed86c0a51" testId="3017e9bf-07c1-d13a-20fe-12545a72ab8d" testName="RPGCharacterService.UnitTests.Services.CurrencyServiceTests.ModifyCurrenciesAsync_WhenNotInitialized_ShouldThrowException" computerName="m-dcasadevallpino-85a942" duration="00:00:00.0006405" startTime="2025-04-08T19:01:27.7987330-07:00" endTime="2025-04-08T19:01:27.7987330-07:00" testType="13cdc9d9-ddb5-4fa4-a97d-d965ccfc6d4b" outcome="Passed" testListId="8c84fa94-04c1-424b-9868-57a2d4851a1d" relativeResultsDirectory="641b0404-7845-4e8c-8f60-cf6ed86c0a51" />
    <UnitTestResult executionId="73ff4c60-e7ca-4fc6-82fe-9e8eec35bb39" testId="e5460c2b-7dd2-c350-4645-3e2fae9804f4" testName="RPGCharacterService.UnitTests.Services.DiceServiceTests.Roll_WithValidInput_ShouldReturnCorrectNumberOfResults(sides: Twelve, count: 5)" computerName="m-dcasadevallpino-85a942" duration="00:00:00.0057330" startTime="2025-04-08T19:01:27.7735810-07:00" endTime="2025-04-08T19:01:27.7735810-07:00" testType="13cdc9d9-ddb5-4fa4-a97d-d965ccfc6d4b" outcome="Passed" testListId="8c84fa94-04c1-424b-9868-57a2d4851a1d" relativeResultsDirectory="73ff4c60-e7ca-4fc6-82fe-9e8eec35bb39" />
    <UnitTestResult executionId="d114489d-d71a-4f77-b27e-4f75c14eb8d9" testId="03841031-5374-7c25-7008-90594e31ba61" testName="RPGCharacterService.UnitTests.Services.CurrencyServiceTests.ExchangeCurrencyAsync_WithValidExchange_ShouldUpdateCurrenciesCorrectly(fromCurrency: Electrum, toCurrency: Gold, amount: 2, initialFromAmount: 50, initialToAmount: 0, expectedFinalFromAmount: 48, expectedFinalToAmount: 1)" computerName="m-dcasadevallpino-85a942" duration="00:00:00.0005159" startTime="2025-04-08T19:01:27.7934160-07:00" endTime="2025-04-08T19:01:27.7934160-07:00" testType="13cdc9d9-ddb5-4fa4-a97d-d965ccfc6d4b" outcome="Passed" testListId="8c84fa94-04c1-424b-9868-57a2d4851a1d" relativeResultsDirectory="d114489d-d71a-4f77-b27e-4f75c14eb8d9" />
    <UnitTestResult executionId="147f4ccc-e2ce-4785-83fa-fa5421b51322" testId="16ccbdfe-adf7-4cf2-9122-42baab9d06cf" testName="RPGCharacterService.UnitTests.Services.StatsServiceTests.ModifyHitPointsAsync_WithPositiveDelta_ShouldIncreaseHitPoints" computerName="m-dcasadevallpino-85a942" duration="00:00:00.0009316" startTime="2025-04-08T19:01:27.7949790-07:00" endTime="2025-04-08T19:01:27.7949790-07:00" testType="13cdc9d9-ddb5-4fa4-a97d-d965ccfc6d4b" outcome="Passed" testListId="8c84fa94-04c1-424b-9868-57a2d4851a1d" relativeResultsDirectory="147f4ccc-e2ce-4785-83fa-fa5421b51322" />
    <UnitTestResult executionId="f314509c-1e44-4af6-977a-5dbfd65568c8" testId="267a459c-570a-9892-a3fb-1ccd6dcc7c94" testName="RPGCharacterService.UnitTests.Services.EquipmentServiceTests.EquipShield_WithValidCharacterAndShield_ShouldUpdateCharacter" computerName="m-dcasadevallpino-85a942" duration="00:00:00.0021005" startTime="2025-04-08T19:01:27.7951990-07:00" endTime="2025-04-08T19:01:27.7951990-07:00" testType="13cdc9d9-ddb5-4fa4-a97d-d965ccfc6d4b" outcome="Passed" testListId="8c84fa94-04c1-424b-9868-57a2d4851a1d" relativeResultsDirectory="f314509c-1e44-4af6-977a-5dbfd65568c8" />
    <UnitTestResult executionId="798208a7-b44c-4dd3-a876-3de920f94672" testId="3922d4d0-bcbc-79d0-e839-ec04c6eb7012" testName="RPGCharacterService.UnitTests.Models.EquipmentTests.EquipWeapon_WithValidWeapon_ShouldEquipWeapon(isOffHand: False)" computerName="m-dcasadevallpino-85a942" duration="00:00:00.0000486" startTime="2025-04-08T19:01:27.7874090-07:00" endTime="2025-04-08T19:01:27.7874090-07:00" testType="13cdc9d9-ddb5-4fa4-a97d-d965ccfc6d4b" outcome="Passed" testListId="8c84fa94-04c1-424b-9868-57a2d4851a1d" relativeResultsDirectory="798208a7-b44c-4dd3-a876-3de920f94672" />
    <UnitTestResult executionId="f7957e81-fb63-4a49-a61f-c59422116281" testId="712caa00-667f-f4a5-747f-3d841570cfec" testName="RPGCharacterService.UnitTests.Models.Items.WeaponExtensionsTests.IsTwoHandedWeapon_WithMultipleProperties_ShouldReturnTrue" computerName="m-dcasadevallpino-85a942" duration="00:00:00.0000493" startTime="2025-04-08T19:01:27.7707670-07:00" endTime="2025-04-08T19:01:27.7707670-07:00" testType="13cdc9d9-ddb5-4fa4-a97d-d965ccfc6d4b" outcome="Passed" testListId="8c84fa94-04c1-424b-9868-57a2d4851a1d" relativeResultsDirectory="f7957e81-fb63-4a49-a61f-c59422116281" />
    <UnitTestResult executionId="32629d39-cc86-4edb-a965-5ef1561f4c40" testId="28fafc1b-2f62-09e5-fed4-8cbd043679ea" testName="RPGCharacterService.UnitTests.Models.EquipmentTests.CalculateWeaponDamageModifier_WithRangedWeapon_ShouldReturnDexterity" computerName="m-dcasadevallpino-85a942" duration="00:00:00.0000933" startTime="2025-04-08T19:01:27.7863780-07:00" endTime="2025-04-08T19:01:27.7863780-07:00" testType="13cdc9d9-ddb5-4fa4-a97d-d965ccfc6d4b" outcome="Passed" testListId="8c84fa94-04c1-424b-9868-57a2d4851a1d" relativeResultsDirectory="32629d39-cc86-4edb-a965-5ef1561f4c40" />
    <UnitTestResult executionId="5a714f8c-2225-4803-a4b7-d04cb64f4f83" testId="e175e4f3-6ac6-e4a8-8cd1-4aac5beeacf0" testName="RPGCharacterService.UnitTests.Models.CharacterTests.CalculateAbilityModifier_WithDifferentScores_ShouldReturnCorrectValue(score: 9, expectedModifier: -1)" computerName="m-dcasadevallpino-85a942" duration="00:00:00.0000012" startTime="2025-04-08T19:01:27.7722060-07:00" endTime="2025-04-08T19:01:27.7722060-07:00" testType="13cdc9d9-ddb5-4fa4-a97d-d965ccfc6d4b" outcome="Passed" testListId="8c84fa94-04c1-424b-9868-57a2d4851a1d" relativeResultsDirectory="5a714f8c-2225-4803-a4b7-d04cb64f4f83" />
    <UnitTestResult executionId="b5666f45-f57f-4b22-967b-ba6a5cbde694" testId="21b25e4f-73f5-2848-7d8d-477a522bc001" testName="RPGCharacterService.UnitTests.Models.CharacterTests.CalculateProficiencyBonus_WithDifferentLevels_ShouldReturnCorrectValue(level: 5, expectedBonus: 3)" computerName="m-dcasadevallpino-85a942" duration="00:00:00.0000012" startTime="2025-04-08T19:01:27.7766820-07:00" endTime="2025-04-08T19:01:27.7766820-07:00" testType="13cdc9d9-ddb5-4fa4-a97d-d965ccfc6d4b" outcome="Passed" testListId="8c84fa94-04c1-424b-9868-57a2d4851a1d" relativeResultsDirectory="b5666f45-f57f-4b22-967b-ba6a5cbde694" />
    <UnitTestResult executionId="755fa7ca-6c45-48fa-a66f-b51c53a74354" testId="80cd115e-141f-2f91-97df-8401f9349490" testName="RPGCharacterService.UnitTests.Models.EquipmentTests.EquipShield_WithNonShieldItem_ShouldThrowEquipmentTypeMismatchException" computerName="m-dcasadevallpino-85a942" duration="00:00:00.0010915" startTime="2025-04-08T19:01:27.7854660-07:00" endTime="2025-04-08T19:01:27.7854660-07:00" testType="13cdc9d9-ddb5-4fa4-a97d-d965ccfc6d4b" outcome="Passed" testListId="8c84fa94-04c1-424b-9868-57a2d4851a1d" relativeResultsDirectory="755fa7ca-6c45-48fa-a66f-b51c53a74354" />
    <UnitTestResult executionId="60f2559e-59dc-4f5c-a26a-d916481ce297" testId="f31ca3ed-5a9f-0476-416b-4e9b6d546299" testName="RPGCharacterService.UnitTests.Models.EquipmentTests.EquipWeapon_WithExistingWeapon_ShouldReplaceWeapon(isOffHand: True)" computerName="m-dcasadevallpino-85a942" duration="00:00:00.0014266" startTime="2025-04-08T19:01:27.7849860-07:00" endTime="2025-04-08T19:01:27.7849860-07:00" testType="13cdc9d9-ddb5-4fa4-a97d-d965ccfc6d4b" outcome="Passed" testListId="8c84fa94-04c1-424b-9868-57a2d4851a1d" relativeResultsDirectory="60f2559e-59dc-4f5c-a26a-d916481ce297" />
    <UnitTestResult executionId="c9c8a8b5-9d23-460f-aef5-21a5b748e488" testId="95a6ed6b-bad4-5297-af06-83879fb3a66d" testName="RPGCharacterService.UnitTests.Services.EquipmentServiceTests.EquipWeapon_WithNonExistentCharacter_ShouldThrowCharacterNotFoundException" computerName="m-dcasadevallpino-85a942" duration="00:00:00.0007015" startTime="2025-04-08T19:01:27.7997940-07:00" endTime="2025-04-08T19:01:27.7997940-07:00" testType="13cdc9d9-ddb5-4fa4-a97d-d965ccfc6d4b" outcome="Passed" testListId="8c84fa94-04c1-424b-9868-57a2d4851a1d" relativeResultsDirectory="c9c8a8b5-9d23-460f-aef5-21a5b748e488" />
    <UnitTestResult executionId="e31fc03c-e1fe-4a68-ad46-1aabe4ae72ab" testId="72ad33f2-9acf-4a09-3678-9a86f9e2f977" testName="RPGCharacterService.UnitTests.Services.CurrencyServiceTests.ExchangeCurrencyAsync_WithValidExchange_ShouldUpdateCurrenciesCorrectly(fromCurrency: Silver, toCurrency: Electrum, amount: 5, initialFromAmount: 50, initialToAmount: 0, expectedFinalFromAmount: 45, expectedFinalToAmount: 1)" computerName="m-dcasadevallpino-85a942" duration="00:00:00.0004157" startTime="2025-04-08T19:01:27.7960690-07:00" endTime="2025-04-08T19:01:27.7960690-07:00" testType="13cdc9d9-ddb5-4fa4-a97d-d965ccfc6d4b" outcome="Passed" testListId="8c84fa94-04c1-424b-9868-57a2d4851a1d" relativeResultsDirectory="e31fc03c-e1fe-4a68-ad46-1aabe4ae72ab" />
    <UnitTestResult executionId="25a96917-7bd5-4bcb-a7a7-c8cadb095ab0" testId="cf2b0baa-0f78-9298-687c-c2b73f289cff" testName="RPGCharacterService.UnitTests.Services.CurrencyServiceTests.ExchangeCurrencyAsync_ToLargeExchange_ThrowsOverflowException" computerName="m-dcasadevallpino-85a942" duration="00:00:00.0047490" startTime="2025-04-08T19:01:27.8106250-07:00" endTime="2025-04-08T19:01:27.8106250-07:00" testType="13cdc9d9-ddb5-4fa4-a97d-d965ccfc6d4b" outcome="Passed" testListId="8c84fa94-04c1-424b-9868-57a2d4851a1d" relativeResultsDirectory="25a96917-7bd5-4bcb-a7a7-c8cadb095ab0" />
    <UnitTestResult executionId="b7a4148f-bc3b-4437-b906-79652cccd5a0" testId="ae8d01b7-5f09-4e06-d1e9-96079f14acab" testName="RPGCharacterService.UnitTests.Models.Items.EquipmentExtensionsTests.IsShield_WithShieldItem_ShouldReturnTrue" computerName="m-dcasadevallpino-85a942" duration="00:00:00.0018422" startTime="2025-04-08T19:01:27.7587350-07:00" endTime="2025-04-08T19:01:27.7587350-07:00" testType="13cdc9d9-ddb5-4fa4-a97d-d965ccfc6d4b" outcome="Passed" testListId="8c84fa94-04c1-424b-9868-57a2d4851a1d" relativeResultsDirectory="b7a4148f-bc3b-4437-b906-79652cccd5a0" />
    <UnitTestResult executionId="49c61bd4-2274-4ad9-8be1-f8fe6f3e07ec" testId="c6e3bd7d-0e7a-09f8-23ec-eb19e0b5b762" testName="RPGCharacterService.UnitTests.Models.Items.EquipmentExtensionsTests.IsArmor_WithNonArmorItem_ShouldReturnFalse" computerName="m-dcasadevallpino-85a942" duration="00:00:00.0000466" startTime="2025-04-08T19:01:27.7695180-07:00" endTime="2025-04-08T19:01:27.7695180-07:00" testType="13cdc9d9-ddb5-4fa4-a97d-d965ccfc6d4b" outcome="Passed" testListId="8c84fa94-04c1-424b-9868-57a2d4851a1d" relativeResultsDirectory="49c61bd4-2274-4ad9-8be1-f8fe6f3e07ec" />
    <UnitTestResult executionId="de7b908b-c112-4a87-aa37-98449178678b" testId="6303b6c3-6d50-a03f-f5f8-5f7f6477e7e5" testName="RPGCharacterService.UnitTests.Services.CurrencyServiceTests.ExchangeCurrencyAsync_WithSameCurrency_ShouldThrowException" computerName="m-dcasadevallpino-85a942" duration="00:00:00.0004700" startTime="2025-04-08T19:01:27.8058580-07:00" endTime="2025-04-08T19:01:27.8058580-07:00" testType="13cdc9d9-ddb5-4fa4-a97d-d965ccfc6d4b" outcome="Passed" testListId="8c84fa94-04c1-424b-9868-57a2d4851a1d" relativeResultsDirectory="de7b908b-c112-4a87-aa37-98449178678b" />
    <UnitTestResult executionId="bd2b71f4-a57e-4618-bf57-19d0a7ec8525" testId="93e019e7-9fd3-35d7-5f43-57213f542cf1" testName="RPGCharacterService.UnitTests.Services.CurrencyServiceTests.ExchangeCurrencyAsync_WithValidExchange_ShouldUpdateCurrenciesCorrectly(fromCurrency: Electrum, toCurrency: Silver, amount: 1, initialFromAmount: 50, initialToAmount: 0, expectedFinalFromAmount: 49, expectedFinalToAmount: 5)" computerName="m-dcasadevallpino-85a942" duration="00:00:00.0003913" startTime="2025-04-08T19:01:27.7945730-07:00" endTime="2025-04-08T19:01:27.7945730-07:00" testType="13cdc9d9-ddb5-4fa4-a97d-d965ccfc6d4b" outcome="Passed" testListId="8c84fa94-04c1-424b-9868-57a2d4851a1d" relativeResultsDirectory="bd2b71f4-a57e-4618-bf57-19d0a7ec8525" />
    <UnitTestResult executionId="9abe99fc-27b2-44bc-b705-b577418d4629" testId="c80c5d3b-07ae-f433-2089-93ceb44a0b71" testName="RPGCharacterService.UnitTests.Services.CharacterServiceTests.GetAllCharactersAsync_ShouldReturnAllCharacters" computerName="m-dcasadevallpino-85a942" duration="00:00:00.0037070" startTime="2025-04-08T19:01:27.7922160-07:00" endTime="2025-04-08T19:01:27.7922160-07:00" testType="13cdc9d9-ddb5-4fa4-a97d-d965ccfc6d4b" outcome="Passed" testListId="8c84fa94-04c1-424b-9868-57a2d4851a1d" relativeResultsDirectory="9abe99fc-27b2-44bc-b705-b577418d4629" />
    <UnitTestResult executionId="73fef478-af10-4c6c-a760-5b887067bb06" testId="ea4822c9-c457-5727-f5d9-e04bcd6a5e9f" testName="RPGCharacterService.UnitTests.Services.CurrencyServiceTests.ModifyCurrenciesAsync_WithSufficientFunds_ShouldUpdateAmounts" computerName="m-dcasadevallpino-85a942" duration="00:00:00.0009537" startTime="2025-04-08T19:01:27.8053700-07:00" endTime="2025-04-08T19:01:27.8053700-07:00" testType="13cdc9d9-ddb5-4fa4-a97d-d965ccfc6d4b" outcome="Passed" testListId="8c84fa94-04c1-424b-9868-57a2d4851a1d" relativeResultsDirectory="73fef478-af10-4c6c-a760-5b887067bb06" />
    <UnitTestResult executionId="f125c33b-f5cf-433f-bd7a-82410a555b4c" testId="fddcef71-8bc3-f1d7-9d46-7c5b69cb4838" testName="RPGCharacterService.UnitTests.Services.EquipmentServiceTests.EquipWeapon_WithValidCharacterAndWeapon_ShouldUpdateCorrectHand(isOffHand: True)" computerName="m-dcasadevallpino-85a942" duration="00:00:00.0017325" startTime="2025-04-08T19:01:27.7984370-07:00" endTime="2025-04-08T19:01:27.7984370-07:00" testType="13cdc9d9-ddb5-4fa4-a97d-d965ccfc6d4b" outcome="Passed" testListId="8c84fa94-04c1-424b-9868-57a2d4851a1d" relativeResultsDirectory="f125c33b-f5cf-433f-bd7a-82410a555b4c" />
    <UnitTestResult executionId="e9f9b7b8-24c9-4487-9e1f-aea2d6ceca00" testId="e3854555-ba66-807a-ba5c-452bc6448b3c" testName="RPGCharacterService.UnitTests.Models.EquipmentTests.CalculateArmorClass_WithDifferentArmorTypes_ShouldReturnCorrectValue(armorType: Light, dexterityModifier: 0, shieldBonus: 0, expectedArmorClass: 11)" computerName="m-dcasadevallpino-85a942" duration="00:00:00.0000014" startTime="2025-04-08T19:01:27.7846470-07:00" endTime="2025-04-08T19:01:27.7846470-07:00" testType="13cdc9d9-ddb5-4fa4-a97d-d965ccfc6d4b" outcome="Passed" testListId="8c84fa94-04c1-424b-9868-57a2d4851a1d" relativeResultsDirectory="e9f9b7b8-24c9-4487-9e1f-aea2d6ceca00" />
    <UnitTestResult executionId="bc6a7381-f0c9-4889-882d-25fb9bf9f80a" testId="e1b09ce9-ed9d-c66b-8431-0b05c61d6d05" testName="RPGCharacterService.UnitTests.Models.EquipmentTests.EquipWeapon_WithValidWeapon_ShouldEquipWeapon(isOffHand: True)" computerName="m-dcasadevallpino-85a942" duration="00:00:00.0001185" startTime="2025-04-08T19:01:27.7872720-07:00" endTime="2025-04-08T19:01:27.7872720-07:00" testType="13cdc9d9-ddb5-4fa4-a97d-d965ccfc6d4b" outcome="Passed" testListId="8c84fa94-04c1-424b-9868-57a2d4851a1d" relativeResultsDirectory="bc6a7381-f0c9-4889-882d-25fb9bf9f80a" />
    <UnitTestResult executionId="80bdebc8-7d97-4849-9022-6650861767c6" testId="2cd14a2e-a79e-e94b-593d-6184f35c531e" testName="RPGCharacterService.UnitTests.Models.EquipmentTests.EquipShield_WithValidShield_ShouldEquipShield" computerName="m-dcasadevallpino-85a942" duration="00:00:00.0001074" startTime="2025-04-08T19:01:27.7869550-07:00" endTime="2025-04-08T19:01:27.7869550-07:00" testType="13cdc9d9-ddb5-4fa4-a97d-d965ccfc6d4b" outcome="Passed" testListId="8c84fa94-04c1-424b-9868-57a2d4851a1d" relativeResultsDirectory="80bdebc8-7d97-4849-9022-6650861767c6" />
    <UnitTestResult executionId="256e94f6-24d1-4762-90ee-a98ca8f9e9a5" testId="f749cf23-4aeb-3ada-02c7-bbafde4c370c" testName="RPGCharacterService.UnitTests.Services.CurrencyServiceTests.ExchangeCurrencyAsync_WithoutEnoughFromAmount_ShouldThrowException(from: Copper, to: Platinum, amount: 999)" computerName="m-dcasadevallpino-85a942" duration="00:00:00.0001454" startTime="2025-04-08T19:01:27.7891780-07:00" endTime="2025-04-08T19:01:27.7891780-07:00" testType="13cdc9d9-ddb5-4fa4-a97d-d965ccfc6d4b" outcome="Passed" testListId="8c84fa94-04c1-424b-9868-57a2d4851a1d" relativeResultsDirectory="256e94f6-24d1-4762-90ee-a98ca8f9e9a5" />
    <UnitTestResult executionId="bb7026ed-1c1e-4a70-ba06-24e3801ba46b" testId="7ff96775-6ac0-76d6-e67b-4b1c23ac394f" testName="RPGCharacterService.UnitTests.Models.EquipmentTests.CalculateArmorClass_WithDifferentArmorTypes_ShouldReturnCorrectValue(armorType: Medium, dexterityModifier: 2, shieldBonus: 0, expectedArmorClass: 15)" computerName="m-dcasadevallpino-85a942" duration="00:00:00.0000015" startTime="2025-04-08T19:01:27.7833920-07:00" endTime="2025-04-08T19:01:27.7833920-07:00" testType="13cdc9d9-ddb5-4fa4-a97d-d965ccfc6d4b" outcome="Passed" testListId="8c84fa94-04c1-424b-9868-57a2d4851a1d" relativeResultsDirectory="bb7026ed-1c1e-4a70-ba06-24e3801ba46b" />
    <UnitTestResult executionId="bec4bdd4-6b75-42d5-84bf-f9a3b0d2328b" testId="b4fe1d68-26c2-76c3-1dca-0edc0b785860" testName="RPGCharacterService.UnitTests.Models.Items.EquipmentExtensionsTests.IsArmor_WithArmorItem_ShouldReturnTrue" computerName="m-dcasadevallpino-85a942" duration="00:00:00.0000398" startTime="2025-04-08T19:01:27.7713080-07:00" endTime="2025-04-08T19:01:27.7713080-07:00" testType="13cdc9d9-ddb5-4fa4-a97d-d965ccfc6d4b" outcome="Passed" testListId="8c84fa94-04c1-424b-9868-57a2d4851a1d" relativeResultsDirectory="bec4bdd4-6b75-42d5-84bf-f9a3b0d2328b" />
    <UnitTestResult executionId="a3d5c1c4-6943-4abe-b9f5-c6efddfa3e34" testId="59639d5c-7bdf-cdf3-7bc7-301f403042c1" testName="RPGCharacterService.UnitTests.Services.CurrencyServiceTests.ExchangeCurrencyAsync_WithValidExchange_ShouldUpdateCurrenciesCorrectly(fromCurrency: Silver, toCurrency: Copper, amount: 1, initialFromAmount: 50, initialToAmount: 0, expectedFinalFromAmount: 49, expectedFinalToAmount: 10)" computerName="m-dcasadevallpino-85a942" duration="00:00:00.0003552" startTime="2025-04-08T19:01:27.7953560-07:00" endTime="2025-04-08T19:01:27.7953560-07:00" testType="13cdc9d9-ddb5-4fa4-a97d-d965ccfc6d4b" outcome="Passed" testListId="8c84fa94-04c1-424b-9868-57a2d4851a1d" relativeResultsDirectory="a3d5c1c4-6943-4abe-b9f5-c6efddfa3e34" />
    <UnitTestResult executionId="f269faaf-cebb-49e7-8821-3c4391f38b2b" testId="a00987b9-3ffa-837d-616d-29dcfb448a3d" testName="RPGCharacterService.UnitTests.Models.CharacterTests.CalculateMaxHitPoints_WithDifferentConstitutionAndLevels_ShouldReturnCorrectValue(constitution: 12, level: 1, expectedHitPoints: 11)" computerName="m-dcasadevallpino-85a942" duration="00:00:00.0000164" startTime="2025-04-08T19:01:27.7752320-07:00" endTime="2025-04-08T19:01:27.7752320-07:00" testType="13cdc9d9-ddb5-4fa4-a97d-d965ccfc6d4b" outcome="Passed" testListId="8c84fa94-04c1-424b-9868-57a2d4851a1d" relativeResultsDirectory="f269faaf-cebb-49e7-8821-3c4391f38b2b" />
    <UnitTestResult executionId="58d34000-5b54-4bb1-bfa9-a64a5379f0cd" testId="96b199fb-caf1-0c3d-fcaa-bccf98909a8e" testName="RPGCharacterService.UnitTests.Services.DiceServiceTests.Roll_WithValidInput_ShouldReturnCorrectNumberOfResults(sides: Four, count: 1)" computerName="m-dcasadevallpino-85a942" duration="00:00:00.0000060" startTime="2025-04-08T19:01:27.7750660-07:00" endTime="2025-04-08T19:01:27.7750660-07:00" testType="13cdc9d9-ddb5-4fa4-a97d-d965ccfc6d4b" outcome="Passed" testListId="8c84fa94-04c1-424b-9868-57a2d4851a1d" relativeResultsDirectory="58d34000-5b54-4bb1-bfa9-a64a5379f0cd" />
    <UnitTestResult executionId="3fecfb22-80c6-42c8-9e85-2b19bfd702b8" testId="e96ad08d-f776-1cf0-2ee6-3419c7ef71bf" testName="RPGCharacterService.UnitTests.Services.EquipmentServiceTests.EquipArmor_WithValidCharacterAndArmor_ShouldUpdateCharacter" computerName="m-dcasadevallpino-85a942" duration="00:00:00.0016570" startTime="2025-04-08T19:01:27.7967890-07:00" endTime="2025-04-08T19:01:27.7967890-07:00" testType="13cdc9d9-ddb5-4fa4-a97d-d965ccfc6d4b" outcome="Passed" testListId="8c84fa94-04c1-424b-9868-57a2d4851a1d" relativeResultsDirectory="3fecfb22-80c6-42c8-9e85-2b19bfd702b8" />
    <UnitTestResult executionId="64bad8b2-cd77-421c-9299-7168ce575d22" testId="49805d24-42f6-9b40-d8ea-0ac3ae8c695c" testName="RPGCharacterService.UnitTests.Models.EquipmentTests.CalculateArmorClass_WithDifferentArmorTypes_ShouldReturnCorrectValue(armorType: None, dexterityModifier: 2, shieldBonus: 0, expectedArmorClass: 12)" computerName="m-dcasadevallpino-85a942" duration="00:00:00.0001367" startTime="2025-04-08T19:01:27.7826380-07:00" endTime="2025-04-08T19:01:27.7826380-07:00" testType="13cdc9d9-ddb5-4fa4-a97d-d965ccfc6d4b" outcome="Passed" testListId="8c84fa94-04c1-424b-9868-57a2d4851a1d" relativeResultsDirectory="64bad8b2-cd77-421c-9299-7168ce575d22" />
    <UnitTestResult executionId="a741e913-43d0-4fc3-b3d0-29705f29bedf" testId="5950d0be-2196-5ea3-8805-156d68751719" testName="RPGCharacterService.UnitTests.Models.Items.EquipmentExtensionsTests.IsWeapon_WithNullEquipmentStats_ShouldReturnFalse" computerName="m-dcasadevallpino-85a942" duration="00:00:00.0000348" startTime="2025-04-08T19:01:27.7701070-07:00" endTime="2025-04-08T19:01:27.7701070-07:00" testType="13cdc9d9-ddb5-4fa4-a97d-d965ccfc6d4b" outcome="Passed" testListId="8c84fa94-04c1-424b-9868-57a2d4851a1d" relativeResultsDirectory="a741e913-43d0-4fc3-b3d0-29705f29bedf" />
    <UnitTestResult executionId="e1488825-ec09-4b3d-be90-1f30722696ca" testId="99813d35-5681-d38d-1b70-1ca2ea7a3944" testName="RPGCharacterService.UnitTests.Services.CurrencyServiceTests.ExchangeCurrencyAsync_ResultingAmountTooLarge_ThrowsOverflowException" computerName="m-dcasadevallpino-85a942" duration="00:00:00.0005340" startTime="2025-04-08T19:01:27.8039250-07:00" endTime="2025-04-08T19:01:27.8039250-07:00" testType="13cdc9d9-ddb5-4fa4-a97d-d965ccfc6d4b" outcome="Passed" testListId="8c84fa94-04c1-424b-9868-57a2d4851a1d" relativeResultsDirectory="e1488825-ec09-4b3d-be90-1f30722696ca" />
    <UnitTestResult executionId="0897aecb-e219-43ef-856f-48eab58cb0e6" testId="4ab446bd-aae2-cb8e-94ef-eda867a4df94" testName="RPGCharacterService.UnitTests.Models.CharacterTests.CalculateAbilityModifier_WithDifferentScores_ShouldReturnCorrectValue(score: 7, expectedModifier: -2)" computerName="m-dcasadevallpino-85a942" duration="00:00:00.0000012" startTime="2025-04-08T19:01:27.7728840-07:00" endTime="2025-04-08T19:01:27.7728840-07:00" testType="13cdc9d9-ddb5-4fa4-a97d-d965ccfc6d4b" outcome="Passed" testListId="8c84fa94-04c1-424b-9868-57a2d4851a1d" relativeResultsDirectory="0897aecb-e219-43ef-856f-48eab58cb0e6" />
    <UnitTestResult executionId="f8818527-b2b4-4c52-a8f4-775c86db4f5c" testId="c47089f8-e000-62d7-fe5f-d0a5685a9f05" testName="RPGCharacterService.UnitTests.Models.EquipmentTests.CalculateArmorClass_WithDifferentArmorTypes_ShouldReturnCorrectValue(armorType: Heavy, dexterityModifier: 0, shieldBonus: 0, expectedArmorClass: 18)" computerName="m-dcasadevallpino-85a942" duration="00:00:00.0003594" startTime="2025-04-08T19:01:27.7829460-07:00" endTime="2025-04-08T19:01:27.7829460-07:00" testType="13cdc9d9-ddb5-4fa4-a97d-d965ccfc6d4b" outcome="Passed" testListId="8c84fa94-04c1-424b-9868-57a2d4851a1d" relativeResultsDirectory="f8818527-b2b4-4c52-a8f4-775c86db4f5c" />
    <UnitTestResult executionId="dbdf0340-1c61-45ca-baec-05befda463fd" testId="6741bcb8-f9e3-79b4-b964-3c6c392a1f88" testName="RPGCharacterService.UnitTests.Models.EquipmentTests.CalculateArmorClass_WithNoArmor_ShouldReturnBasePlusDexterity(dexterity: 14, expectedArmorClass: 12)" computerName="m-dcasadevallpino-85a942" duration="00:00:00.0000025" startTime="2025-04-08T19:01:27.7755970-07:00" endTime="2025-04-08T19:01:27.7755970-07:00" testType="13cdc9d9-ddb5-4fa4-a97d-d965ccfc6d4b" outcome="Passed" testListId="8c84fa94-04c1-424b-9868-57a2d4851a1d" relativeResultsDirectory="dbdf0340-1c61-45ca-baec-05befda463fd" />
    <UnitTestResult executionId="3a41db5c-c62e-4743-b62b-18868fd4baab" testId="931c3e1e-1e21-bfaa-68f8-be137ca1b905" testName="RPGCharacterService.UnitTests.Services.CurrencyServiceTests.ExchangeCurrencyAsync_WithValidExchange_ShouldUpdateCurrenciesCorrectly(fromCurrency: Copper, toCurrency: Silver, amount: 10, initialFromAmount: 50, initialToAmount: 0, expectedFinalFromAmount: 40, expectedFinalToAmount: 1)" computerName="m-dcasadevallpino-85a942" duration="00:00:00.0003394" startTime="2025-04-08T19:01:27.7964150-07:00" endTime="2025-04-08T19:01:27.7964150-07:00" testType="13cdc9d9-ddb5-4fa4-a97d-d965ccfc6d4b" outcome="Passed" testListId="8c84fa94-04c1-424b-9868-57a2d4851a1d" relativeResultsDirectory="3a41db5c-c62e-4743-b62b-18868fd4baab" />
    <UnitTestResult executionId="ea5084b5-3032-4d7c-b87c-0d94d656d5c1" testId="fc199edd-9285-64a8-dc8c-51e5318916eb" testName="RPGCharacterService.UnitTests.Models.EquipmentTests.CalculateArmorClass_WithNoArmor_ShouldReturnBasePlusDexterity(dexterity: 12, expectedArmorClass: 11)" computerName="m-dcasadevallpino-85a942" duration="00:00:00.0006320" startTime="2025-04-08T19:01:27.7737210-07:00" endTime="2025-04-08T19:01:27.7737210-07:00" testType="13cdc9d9-ddb5-4fa4-a97d-d965ccfc6d4b" outcome="Passed" testListId="8c84fa94-04c1-424b-9868-57a2d4851a1d" relativeResultsDirectory="ea5084b5-3032-4d7c-b87c-0d94d656d5c1" />
    <UnitTestResult executionId="d75790f2-d46e-4c40-b809-09d382866ad6" testId="dbe2a323-7a27-fb16-251d-d61f00107a96" testName="RPGCharacterService.UnitTests.Models.EquipmentTests.CalculateWeaponDamageModifier_WithFinesseWeapon_ShouldReturnHighestDexOrStr(str: 4, dex: 11, expected: Dexterity)" computerName="m-dcasadevallpino-85a942" duration="00:00:00.0000844" startTime="2025-04-08T19:01:27.7824830-07:00" endTime="2025-04-08T19:01:27.7824830-07:00" testType="13cdc9d9-ddb5-4fa4-a97d-d965ccfc6d4b" outcome="Passed" testListId="8c84fa94-04c1-424b-9868-57a2d4851a1d" relativeResultsDirectory="d75790f2-d46e-4c40-b809-09d382866ad6" />
    <UnitTestResult executionId="486d8e7a-8ae3-412a-8bde-ceb79b13c176" testId="c7941655-4c80-6d3f-da4f-1e7703fc43a9" testName="RPGCharacterService.UnitTests.Models.CharacterTests.CalculateProficiencyBonus_WithDifferentLevels_ShouldReturnCorrectValue(level: 9, expectedBonus: 4)" computerName="m-dcasadevallpino-85a942" duration="00:00:00.0000012" startTime="2025-04-08T19:01:27.7768320-07:00" endTime="2025-04-08T19:01:27.7768320-07:00" testType="13cdc9d9-ddb5-4fa4-a97d-d965ccfc6d4b" outcome="Passed" testListId="8c84fa94-04c1-424b-9868-57a2d4851a1d" relativeResultsDirectory="486d8e7a-8ae3-412a-8bde-ceb79b13c176" />
    <UnitTestResult executionId="d3c6dd43-135a-4385-84a8-18d6f1abf57d" testId="19e6516e-176e-3583-b3ed-c09c77115b7d" testName="RPGCharacterService.UnitTests.Services.CurrencyServiceTests.GenerateInitialCurrencyAsync_WhenNotInitialized_ShouldSetCurrencyAndFlag" computerName="m-dcasadevallpino-85a942" duration="00:00:00.0024548" startTime="2025-04-08T19:01:27.8028020-07:00" endTime="2025-04-08T19:01:27.8028020-07:00" testType="13cdc9d9-ddb5-4fa4-a97d-d965ccfc6d4b" outcome="Passed" testListId="8c84fa94-04c1-424b-9868-57a2d4851a1d" relativeResultsDirectory="d3c6dd43-135a-4385-84a8-18d6f1abf57d" />
    <UnitTestResult executionId="526a1ab8-529d-4a55-a0d6-02cec68ae6ef" testId="87ec90c8-60d8-b3e0-1a6a-850ad1e380cb" testName="RPGCharacterService.UnitTests.Models.EquipmentTests.CalculateWeaponDamageModifier_WithDifferentWeapons_ShouldReturnCorrectAbility(weaponProperty: Finesse, strengthModifier: 3, dexterityModifier: 2, expected: Strength)" computerName="m-dcasadevallpino-85a942" duration="00:00:00.0001116" startTime="2025-04-08T19:01:27.7857710-07:00" endTime="2025-04-08T19:01:27.7857710-07:00" testType="13cdc9d9-ddb5-4fa4-a97d-d965ccfc6d4b" outcome="Passed" testListId="8c84fa94-04c1-424b-9868-57a2d4851a1d" relativeResultsDirectory="526a1ab8-529d-4a55-a0d6-02cec68ae6ef" />
    <UnitTestResult executionId="0fda2a58-b41e-4717-9790-fc1edcd63a14" testId="270869af-0d13-10cf-82bb-d48cc10a9f24" testName="RPGCharacterService.UnitTests.Services.CurrencyServiceTests.ExchangeCurrencyAsync_WithoutEnoughFromAmount_ShouldThrowException(from: Electrum, to: Gold, amount: 1)" computerName="m-dcasadevallpino-85a942" duration="00:00:00.0002154" startTime="2025-04-08T19:01:27.7890370-07:00" endTime="2025-04-08T19:01:27.7890370-07:00" testType="13cdc9d9-ddb5-4fa4-a97d-d965ccfc6d4b" outcome="Passed" testListId="8c84fa94-04c1-424b-9868-57a2d4851a1d" relativeResultsDirectory="0fda2a58-b41e-4717-9790-fc1edcd63a14" />
    <UnitTestResult executionId="78d5df6a-ee1d-4bd3-b57b-e9c98786c36b" testId="1eab2171-0eb9-80bd-62fa-b0be0521aa26" testName="RPGCharacterService.UnitTests.Services.DiceServiceTests.Roll_WithManyRolls_ShouldHaveReasonableDistribution(sides: Four, count: 1000)" computerName="m-dcasadevallpino-85a942" duration="00:00:00.0013986" startTime="2025-04-08T19:01:27.7848770-07:00" endTime="2025-04-08T19:01:27.7848770-07:00" testType="13cdc9d9-ddb5-4fa4-a97d-d965ccfc6d4b" outcome="Passed" testListId="8c84fa94-04c1-424b-9868-57a2d4851a1d" relativeResultsDirectory="78d5df6a-ee1d-4bd3-b57b-e9c98786c36b" />
    <UnitTestResult executionId="e152cf53-5c82-426e-a4b9-7d5697e321f3" testId="a28a8824-be37-45eb-24c3-ea449e6f6821" testName="RPGCharacterService.UnitTests.Models.EquipmentTests.EquipWeapon_WithNonWeaponItem_ShouldThrowEquipmentTypeMismatchException(isOffHand: True)" computerName="m-dcasadevallpino-85a942" duration="00:00:00.0000986" startTime="2025-04-08T19:01:27.7878170-07:00" endTime="2025-04-08T19:01:27.7878170-07:00" testType="13cdc9d9-ddb5-4fa4-a97d-d965ccfc6d4b" outcome="Passed" testListId="8c84fa94-04c1-424b-9868-57a2d4851a1d" relativeResultsDirectory="e152cf53-5c82-426e-a4b9-7d5697e321f3" />
    <UnitTestResult executionId="3521f85c-5544-41e1-b42d-fbaba67a71a1" testId="5ec414b8-2fc3-5142-2289-5b10ec5f288c" testName="RPGCharacterService.UnitTests.Models.CharacterTests.CalculateProficiencyBonus_WithDifferentLevels_ShouldReturnCorrectValue(level: 16, expectedBonus: 5)" computerName="m-dcasadevallpino-85a942" duration="00:00:00.0000011" startTime="2025-04-08T19:01:27.7771450-07:00" endTime="2025-04-08T19:01:27.7771450-07:00" testType="13cdc9d9-ddb5-4fa4-a97d-d965ccfc6d4b" outcome="Passed" testListId="8c84fa94-04c1-424b-9868-57a2d4851a1d" relativeResultsDirectory="3521f85c-5544-41e1-b42d-fbaba67a71a1" />
    <UnitTestResult executionId="895bb53f-8d65-4aab-b800-d60a5403a96f" testId="49a6b9d0-ceaf-259b-8553-fc9026021a51" testName="RPGCharacterService.UnitTests.Services.CurrencyServiceTests.ExchangeCurrencyAsync_WithoutEnoughFromAmount_ShouldThrowException(from: Gold, to: Platinum, amount: 9)" computerName="m-dcasadevallpino-85a942" duration="00:00:00.0002212" startTime="2025-04-08T19:01:27.7893180-07:00" endTime="2025-04-08T19:01:27.7893190-07:00" testType="13cdc9d9-ddb5-4fa4-a97d-d965ccfc6d4b" outcome="Passed" testListId="8c84fa94-04c1-424b-9868-57a2d4851a1d" relativeResultsDirectory="895bb53f-8d65-4aab-b800-d60a5403a96f" />
    <UnitTestResult executionId="af09edfe-ef7a-4c86-8dbf-1f1dc5447e4f" testId="87f92019-0725-6f7a-5f5b-5bacc2734b68" testName="RPGCharacterService.UnitTests.Services.CurrencyServiceTests.ExchangeCurrencyAsync_WithValidExchange_ShouldUpdateCurrenciesCorrectly(fromCurrency: Gold, toCurrency: Silver, amount: 1, initialFromAmount: 100, initialToAmount: 5, expectedFinalFromAmount: 99, expectedFinalToAmount: 15)" computerName="m-dcasadevallpino-85a942" duration="00:00:00.0037785" startTime="2025-04-08T19:01:27.7929840-07:00" endTime="2025-04-08T19:01:27.7929850-07:00" testType="13cdc9d9-ddb5-4fa4-a97d-d965ccfc6d4b" outcome="Passed" testListId="8c84fa94-04c1-424b-9868-57a2d4851a1d" relativeResultsDirectory="af09edfe-ef7a-4c86-8dbf-1f1dc5447e4f" />
    <UnitTestResult executionId="adafbd0e-75f7-482e-b686-81f155506d07" testId="a8401e5b-1b20-328a-03ff-34a66393ca1c" testName="RPGCharacterService.UnitTests.Models.EquipmentTests.CalculateArmorClass_WithDifferentArmorTypes_ShouldReturnCorrectValue(armorType: None, dexterityModifier: 0, shieldBonus: 0, expectedArmorClass: 10)" computerName="m-dcasadevallpino-85a942" duration="00:00:00.0000009" startTime="2025-04-08T19:01:27.7840730-07:00" endTime="2025-04-08T19:01:27.7840730-07:00" testType="13cdc9d9-ddb5-4fa4-a97d-d965ccfc6d4b" outcome="Passed" testListId="8c84fa94-04c1-424b-9868-57a2d4851a1d" relativeResultsDirectory="adafbd0e-75f7-482e-b686-81f155506d07" />
    <UnitTestResult executionId="29260794-bd17-47c5-a9f1-aefa62fde525" testId="376b843e-8395-bf94-3962-7581660f11bc" testName="RPGCharacterService.UnitTests.Models.CharacterTests.CalculateAbilityModifier_WithDifferentScores_ShouldReturnCorrectValue(score: 16, expectedModifier: 3)" computerName="m-dcasadevallpino-85a942" duration="00:00:00.0000020" startTime="2025-04-08T19:01:27.7720690-07:00" endTime="2025-04-08T19:01:27.7720690-07:00" testType="13cdc9d9-ddb5-4fa4-a97d-d965ccfc6d4b" outcome="Passed" testListId="8c84fa94-04c1-424b-9868-57a2d4851a1d" relativeResultsDirectory="29260794-bd17-47c5-a9f1-aefa62fde525" />
    <UnitTestResult executionId="87727bba-4158-469a-9ba5-ea2345e8749d" testId="e714f858-d4dd-a0ee-2911-f0e7842d7a9b" testName="RPGCharacterService.UnitTests.Models.CharacterTests.CalculateAbilityModifier_WithDifferentScores_ShouldReturnCorrectValue(score: 11, expectedModifier: 0)" computerName="m-dcasadevallpino-85a942" duration="00:00:00.0001321" startTime="2025-04-08T19:01:27.7716600-07:00" endTime="2025-04-08T19:01:27.7716600-07:00" testType="13cdc9d9-ddb5-4fa4-a97d-d965ccfc6d4b" outcome="Passed" testListId="8c84fa94-04c1-424b-9868-57a2d4851a1d" relativeResultsDirectory="87727bba-4158-469a-9ba5-ea2345e8749d" />
    <UnitTestResult executionId="1af38a56-7d1c-4867-bba9-4176a69e7243" testId="44c5f28c-f1fc-abe8-9318-e2e46b85c037" testName="RPGCharacterService.UnitTests.Models.CharacterTests.CalculateProficiencyBonus_WithDifferentLevels_ShouldReturnCorrectValue(level: 12, expectedBonus: 4)" computerName="m-dcasadevallpino-85a942" duration="00:00:00.0000011" startTime="2025-04-08T19:01:27.7777460-07:00" endTime="2025-04-08T19:01:27.7777460-07:00" testType="13cdc9d9-ddb5-4fa4-a97d-d965ccfc6d4b" outcome="Passed" testListId="8c84fa94-04c1-424b-9868-57a2d4851a1d" relativeResultsDirectory="1af38a56-7d1c-4867-bba9-4176a69e7243" />
    <UnitTestResult executionId="463ae6f7-2564-4e5c-bc8d-01e0e6466615" testId="c966e614-742a-b41c-4576-ec02fa5e991d" testName="RPGCharacterService.UnitTests.Services.CharacterServiceTests.GetCharacterAsync_WithValidId_ShouldReturnCharacter" computerName="m-dcasadevallpino-85a942" duration="00:00:00.0395807" startTime="2025-04-08T19:01:27.7888920-07:00" endTime="2025-04-08T19:01:27.7888920-07:00" testType="13cdc9d9-ddb5-4fa4-a97d-d965ccfc6d4b" outcome="Passed" testListId="8c84fa94-04c1-424b-9868-57a2d4851a1d" relativeResultsDirectory="463ae6f7-2564-4e5c-bc8d-01e0e6466615" />
    <UnitTestResult executionId="8debbf90-6ab2-43c7-a7f7-35210bfc7c89" testId="8c9409b6-2e83-20dc-979d-d22c23ed29b8" testName="RPGCharacterService.UnitTests.Services.CurrencyServiceTests.ExchangeCurrencyAsync_WithoutEnoughFromAmount_ShouldThrowException(from: Copper, to: Gold, amount: 99)" computerName="m-dcasadevallpino-85a942" duration="00:00:00.0389367" startTime="2025-04-08T19:01:27.7884570-07:00" endTime="2025-04-08T19:01:27.7884570-07:00" testType="13cdc9d9-ddb5-4fa4-a97d-d965ccfc6d4b" outcome="Passed" testListId="8c84fa94-04c1-424b-9868-57a2d4851a1d" relativeResultsDirectory="8debbf90-6ab2-43c7-a7f7-35210bfc7c89" />
    <UnitTestResult executionId="e70cd0c7-f890-48bd-9ce2-580be3390e59" testId="cd0e7db8-4326-8c8d-93a3-b2d85d52efe8" testName="RPGCharacterService.UnitTests.Models.Items.WeaponExtensionsTests.IsTwoHandedWeapon_WithOneHandedWeapon_ShouldReturnFalse" computerName="m-dcasadevallpino-85a942" duration="00:00:00.0001115" startTime="2025-04-08T19:01:27.7696710-07:00" endTime="2025-04-08T19:01:27.7696710-07:00" testType="13cdc9d9-ddb5-4fa4-a97d-d965ccfc6d4b" outcome="Passed" testListId="8c84fa94-04c1-424b-9868-57a2d4851a1d" relativeResultsDirectory="e70cd0c7-f890-48bd-9ce2-580be3390e59" />
    <UnitTestResult executionId="b8698beb-a863-43c1-bb7e-b79c33352512" testId="6bf8e0b0-2600-3678-d953-2bb83928c119" testName="RPGCharacterService.UnitTests.Models.EquipmentTests.CalculateWeaponDamageModifier_WithFinesseWeapon_ShouldReturnHighestDexOrStr(str: 16, dex: 10, expected: Strength)" computerName="m-dcasadevallpino-85a942" duration="00:00:00.0009974" startTime="2025-04-08T19:01:27.7819820-07:00" endTime="2025-04-08T19:01:27.7819820-07:00" testType="13cdc9d9-ddb5-4fa4-a97d-d965ccfc6d4b" outcome="Passed" testListId="8c84fa94-04c1-424b-9868-57a2d4851a1d" relativeResultsDirectory="b8698beb-a863-43c1-bb7e-b79c33352512" />
    <UnitTestResult executionId="353b5c63-20b4-4332-ab9c-705bf51f74f8" testId="254dfada-3700-ea77-90ce-a1da26e42d33" testName="RPGCharacterService.UnitTests.Services.StatsServiceTests.ModifyHitPointsAsync_WithExcessiveDamage_ShouldClampToZero" computerName="m-dcasadevallpino-85a942" duration="00:00:00.0439369" startTime="2025-04-08T19:01:27.7930660-07:00" endTime="2025-04-08T19:01:27.7930660-07:00" testType="13cdc9d9-ddb5-4fa4-a97d-d965ccfc6d4b" outcome="Passed" testListId="8c84fa94-04c1-424b-9868-57a2d4851a1d" relativeResultsDirectory="353b5c63-20b4-4332-ab9c-705bf51f74f8" />
    <UnitTestResult executionId="388a47f1-5d64-413e-9394-0fecd43e772b" testId="8b1bf087-7fd8-b9c5-4c17-e1bf2bdadacc" testName="RPGCharacterService.UnitTests.Models.EquipmentTests.CalculateArmorClass_WithDifferentArmorTypes_ShouldReturnCorrectValue(armorType: Heavy, dexterityModifier: 2, shieldBonus: 0, expectedArmorClass: 18)" computerName="m-dcasadevallpino-85a942" duration="00:00:00.0000027" startTime="2025-04-08T19:01:27.7835840-07:00" endTime="2025-04-08T19:01:27.7835840-07:00" testType="13cdc9d9-ddb5-4fa4-a97d-d965ccfc6d4b" outcome="Passed" testListId="8c84fa94-04c1-424b-9868-57a2d4851a1d" relativeResultsDirectory="388a47f1-5d64-413e-9394-0fecd43e772b" />
    <UnitTestResult executionId="66131556-e9f4-468a-b399-207ddd82c627" testId="3ae5bc68-4ffd-b6a0-acee-8b8e79d28665" testName="RPGCharacterService.UnitTests.Models.EquipmentTests.CalculateArmorClass_WithNoArmor_ShouldReturnBasePlusDexterity(dexterity: 8, expectedArmorClass: 9)" computerName="m-dcasadevallpino-85a942" duration="00:00:00.0000854" startTime="2025-04-08T19:01:27.7747430-07:00" endTime="2025-04-08T19:01:27.7747430-07:00" testType="13cdc9d9-ddb5-4fa4-a97d-d965ccfc6d4b" outcome="Passed" testListId="8c84fa94-04c1-424b-9868-57a2d4851a1d" relativeResultsDirectory="66131556-e9f4-468a-b399-207ddd82c627" />
    <UnitTestResult executionId="8ac0e7e8-56ff-4874-b395-406f450379e9" testId="ae3f1cb2-50a6-dc4e-0dfd-be19fd698c24" testName="RPGCharacterService.UnitTests.Models.EquipmentTests.EquipShield_WithTwoHandedWeaponEquipped__ShouldClearMainHand" computerName="m-dcasadevallpino-85a942" duration="00:00:00.0001276" startTime="2025-04-08T19:01:27.7865230-07:00" endTime="2025-04-08T19:01:27.7865230-07:00" testType="13cdc9d9-ddb5-4fa4-a97d-d965ccfc6d4b" outcome="Passed" testListId="8c84fa94-04c1-424b-9868-57a2d4851a1d" relativeResultsDirectory="8ac0e7e8-56ff-4874-b395-406f450379e9" />
    <UnitTestResult executionId="f6c57313-90a9-426d-af80-d38f319edfe6" testId="317be785-27e0-d3f8-e37c-dde35eaf64a8" testName="RPGCharacterService.UnitTests.Services.DiceServiceTests.Roll_WithValidInput_ShouldReturnCorrectNumberOfResults(sides: Ten, count: 4)" computerName="m-dcasadevallpino-85a942" duration="00:00:00.0000278" startTime="2025-04-08T19:01:27.7755250-07:00" endTime="2025-04-08T19:01:27.7755250-07:00" testType="13cdc9d9-ddb5-4fa4-a97d-d965ccfc6d4b" outcome="Passed" testListId="8c84fa94-04c1-424b-9868-57a2d4851a1d" relativeResultsDirectory="f6c57313-90a9-426d-af80-d38f319edfe6" />
    <UnitTestResult executionId="6bc7f9a2-a97c-49e8-bc2e-d72d788e6bdb" testId="480c5d86-18f6-d5b4-b38a-b8b05fb644ac" testName="RPGCharacterService.UnitTests.Models.EquipmentTests.EquipWeapon_WithNonWeaponItem_ShouldThrowEquipmentTypeMismatchException(isOffHand: False)" computerName="m-dcasadevallpino-85a942" duration="00:00:00.0000538" startTime="2025-04-08T19:01:27.7879500-07:00" endTime="2025-04-08T19:01:27.7879500-07:00" testType="13cdc9d9-ddb5-4fa4-a97d-d965ccfc6d4b" outcome="Passed" testListId="8c84fa94-04c1-424b-9868-57a2d4851a1d" relativeResultsDirectory="6bc7f9a2-a97c-49e8-bc2e-d72d788e6bdb" />
    <UnitTestResult executionId="5f12fe2c-8b8e-4134-83bf-241aaf7dff9c" testId="03e6d99c-89e4-413e-a047-55ea8174c4ad" testName="RPGCharacterService.UnitTests.Models.EquipmentTests.CalculateArmorClass_WithDifferentArmorTypes_ShouldReturnCorrectValue(armorType: None, dexterityModifier: 0, shieldBonus: 2, expectedArmorClass: 12)" computerName="m-dcasadevallpino-85a942" duration="00:00:00.0001469" startTime="2025-04-08T19:01:27.7843270-07:00" endTime="2025-04-08T19:01:27.7843270-07:00" testType="13cdc9d9-ddb5-4fa4-a97d-d965ccfc6d4b" outcome="Passed" testListId="8c84fa94-04c1-424b-9868-57a2d4851a1d" relativeResultsDirectory="5f12fe2c-8b8e-4134-83bf-241aaf7dff9c" />
    <UnitTestResult executionId="7c7ba54c-7559-4f63-bce0-8ea4fdc8f53b" testId="fe2d20fe-8d97-2e73-5e0c-a99e133e358a" testName="RPGCharacterService.UnitTests.Models.EquipmentTests.EquipArmor_WithNonArmorItem_ShouldThrowEquipmentTypeMismatchException" computerName="m-dcasadevallpino-85a942" duration="00:00:00.0000982" startTime="2025-04-08T19:01:27.7871190-07:00" endTime="2025-04-08T19:01:27.7871190-07:00" testType="13cdc9d9-ddb5-4fa4-a97d-d965ccfc6d4b" outcome="Passed" testListId="8c84fa94-04c1-424b-9868-57a2d4851a1d" relativeResultsDirectory="7c7ba54c-7559-4f63-bce0-8ea4fdc8f53b" />
    <UnitTestResult executionId="299742c3-f2ba-434d-833f-4f7d034d924e" testId="40e9c96d-ccd6-4283-305e-c837ba973977" testName="RPGCharacterService.UnitTests.Models.CharacterTests.CalculateAbilityModifier_WithDifferentScores_ShouldReturnCorrectValue(score: 1, expectedModifier: -5)" computerName="m-dcasadevallpino-85a942" duration="00:00:00.0000011" startTime="2025-04-08T19:01:27.7726110-07:00" endTime="2025-04-08T19:01:27.7726110-07:00" testType="13cdc9d9-ddb5-4fa4-a97d-d965ccfc6d4b" outcome="Passed" testListId="8c84fa94-04c1-424b-9868-57a2d4851a1d" relativeResultsDirectory="299742c3-f2ba-434d-833f-4f7d034d924e" />
[...]
    <TestEntry testId="4c718b80-a47c-8772-69d2-496b1a8dfbae" executionId="3de5352a-3508-4660-bcaa-addc7093bdad" testListId="8c84fa94-04c1-424b-9868-57a2d4851a1d" />
    <TestEntry testId="8bac99b7-05cb-bb59-11fc-2efb4962a2f7" executionId="ec49ce1d-b1c9-4a2b-a12a-24913a7a4152" testListId="8c84fa94-04c1-424b-9868-57a2d4851a1d" />
    <TestEntry testId="d0e18485-9b21-baa7-4ba9-eef6d979daa7" executionId="b6c61626-ddcf-4770-a8f9-31ebde5ba643" testListId="8c84fa94-04c1-424b-9868-57a2d4851a1d" />
    <TestEntry testId="1b2dc89c-99be-cf6b-ade5-59462b121aed" executionId="bce44faf-0ffc-44f1-bcc0-ba343be5c8dc" testListId="8c84fa94-04c1-424b-9868-57a2d4851a1d" />
    <TestEntry testId="4ede8760-713b-1f69-7bdf-9b40f26663c5" executionId="92516a99-daa4-4f1b-883a-ddc97db5f77a" testListId="8c84fa94-04c1-424b-9868-57a2d4851a1d" />
    <TestEntry testId="05a66bba-775b-3a25-38ca-8bd92252cc2f" executionId="18169723-47c1-43f3-b258-409f312e0162" testListId="8c84fa94-04c1-424b-9868-57a2d4851a1d" />
    <TestEntry testId="42fefd6a-f2d2-f14f-abf5-76133ce16e8d" executionId="bc45ab02-1dfe-4e95-9944-c6fb61817403" testListId="8c84fa94-04c1-424b-9868-57a2d4851a1d" />
    <TestEntry testId="a9cb2417-642a-257e-7a4f-81215aa7b87e" executionId="b57d3058-617d-4052-b1f3-23e8166cefea" testListId="8c84fa94-04c1-424b-9868-57a2d4851a1d" />
    <TestEntry testId="d8bed381-82b2-e448-a75c-f112ecfa005e" executionId="7011e727-f8af-4b5d-8403-be96b49f5877" testListId="8c84fa94-04c1-424b-9868-57a2d4851a1d" />
    <TestEntry testId="e2e20b69-08f5-9b1d-88eb-3be294cb4f24" executionId="78fd0916-eaed-4bb4-a13d-b36263a64204" testListId="8c84fa94-04c1-424b-9868-57a2d4851a1d" />
    <TestEntry testId="4be25dd9-a602-5a1d-092b-e8b95986f97f" executionId="4b9c12aa-067f-4a55-9758-81ab672810f0" testListId="8c84fa94-04c1-424b-9868-57a2d4851a1d" />
    <TestEntry testId="4b486888-5789-ae18-9732-3eb6d73b0fc1" executionId="714b84d2-d04d-41b2-b671-b09de6fe946f" testListId="8c84fa94-04c1-424b-9868-57a2d4851a1d" />
    <TestEntry testId="0bcaba21-b0d9-e4b0-4e9a-2df92675e9d6" executionId="00ffad05-18fc-49f1-a93c-387880fc2410" testListId="8c84fa94-04c1-424b-9868-57a2d4851a1d" />
    <TestEntry testId="4a2af666-a0de-d7c0-d98b-50b9a9efdbfc" executionId="b5b560b2-cd2a-4e3d-a7a1-68cdc2cae7c8" testListId="8c84fa94-04c1-424b-9868-57a2d4851a1d" />
    <TestEntry testId="a1da642f-00f3-2966-3c23-6eb073b95175" executionId="09fb9328-c555-448a-aad3-3782ecc5e5eb" testListId="8c84fa94-04c1-424b-9868-57a2d4851a1d" />
    <TestEntry testId="60e94fff-bfd9-0412-0dd4-3694d2913f8a" executionId="5e3fc97e-52e8-4321-a2f7-f8d4b627c3f8" testListId="8c84fa94-04c1-424b-9868-57a2d4851a1d" />
    <TestEntry testId="b31c4638-2c44-df06-022c-4b76ce32323a" executionId="d0c1bb6e-431f-45c1-846f-00c48e922872" testListId="8c84fa94-04c1-424b-9868-57a2d4851a1d" />
    <TestEntry testId="76c6ace2-19e3-53a9-b274-98d3d4352a47" executionId="09ed5b14-74f7-4e67-865f-846091ef32ba" testListId="8c84fa94-04c1-424b-9868-57a2d4851a1d" />
    <TestEntry testId="1b4c674f-4ab8-73cd-9835-99b772c49746" executionId="b4e5d6e6-5e39-4d2e-9814-c1d263e9bb75" testListId="8c84fa94-04c1-424b-9868-57a2d4851a1d" />
    <TestEntry testId="91dddab9-e321-1821-5fce-45ee56249ffd" executionId="35863be4-b1e4-40c9-b506-dad7296890d5" testListId="8c84fa94-04c1-424b-9868-57a2d4851a1d" />
    <TestEntry testId="f78cb7d0-8bc2-c406-fc21-6c5a8f4cf7df" executionId="eebefa2d-e29a-47b9-93cb-f5e564c28a8e" testListId="8c84fa94-04c1-424b-9868-57a2d4851a1d" />
    <TestEntry testId="96771ea6-3ae2-a8af-667c-e839f73db8b1" executionId="a16ef7c5-383a-436e-927f-9e4171971d17" testListId="8c84fa94-04c1-424b-9868-57a2d4851a1d" />
    <TestEntry testId="9f58bb9f-5587-0aac-134a-6156727a46cf" executionId="36b6ebae-a11e-4000-bb62-20490af0cbb2" testListId="8c84fa94-04c1-424b-9868-57a2d4851a1d" />
    <TestEntry testId="84a347cd-d0da-0af2-f5d3-7f6f42eae87e" executionId="32eb425c-b5c8-4a80-8b99-04a37a2576d2" testListId="8c84fa94-04c1-424b-9868-57a2d4851a1d" />
    <TestEntry testId="89e443e5-07ea-b3a4-f2f3-4bfe62f54d3e" executionId="658ceff7-9999-4059-8d67-0e04d521220a" testListId="8c84fa94-04c1-424b-9868-57a2d4851a1d" />
    <TestEntry testId="890c6293-da8f-7fea-1f81-fa0f62a7027d" executionId="5843edef-5e68-49f9-b295-92a0dcaccc45" testListId="8c84fa94-04c1-424b-9868-57a2d4851a1d" />
    <TestEntry testId="4b96070d-f55c-5b2c-abd6-dab8463967b5" executionId="f0b80595-b408-4f64-8db5-8017b9ff0560" testListId="8c84fa94-04c1-424b-9868-57a2d4851a1d" />
    <TestEntry testId="3292bdba-8bd4-0ee6-4ea4-f44447700c34" executionId="26dd3586-a9b2-4ae1-ae2b-3b38ca20c24e" testListId="8c84fa94-04c1-424b-9868-57a2d4851a1d" />
    <TestEntry testId="cbca1f5e-811c-1da9-d270-3879b6a0a9b5" executionId="76df27f6-9233-4b3b-a993-590c9690953f" testListId="8c84fa94-04c1-424b-9868-57a2d4851a1d" />
    <TestEntry testId="47489554-0f71-112b-12e1-302fb8de0aac" executionId="b55d5bc1-86fc-4185-aad3-8e535d9a453e" testListId="8c84fa94-04c1-424b-9868-57a2d4851a1d" />
    <TestEntry testId="8c502f57-6f21-dd11-4440-e4be6bdd76d9" executionId="63d3cd9c-0751-44bc-b2f4-a4dcc2a9402d" testListId="8c84fa94-04c1-424b-9868-57a2d4851a1d" />
    <TestEntry testId="8ffd54d6-848f-71cd-1efb-52faef408542" executionId="aa90d46f-5564-45da-874f-9a57f45c5f4d" testListId="8c84fa94-04c1-424b-9868-57a2d4851a1d" />
    <TestEntry testId="4868f155-23cc-f987-aedc-89dafd3f545a" executionId="12c47e74-b437-4a32-9a5e-d0f6eb29d845" testListId="8c84fa94-04c1-424b-9868-57a2d4851a1d" />
    <TestEntry testId="3017e9bf-07c1-d13a-20fe-12545a72ab8d" executionId="641b0404-7845-4e8c-8f60-cf6ed86c0a51" testListId="8c84fa94-04c1-424b-9868-57a2d4851a1d" />
    <TestEntry testId="e5460c2b-7dd2-c350-4645-3e2fae9804f4" executionId="73ff4c60-e7ca-4fc6-82fe-9e8eec35bb39" testListId="8c84fa94-04c1-424b-9868-57a2d4851a1d" />
    <TestEntry testId="03841031-5374-7c25-7008-90594e31ba61" executionId="d114489d-d71a-4f77-b27e-4f75c14eb8d9" testListId="8c84fa94-04c1-424b-9868-57a2d4851a1d" />
    <TestEntry testId="16ccbdfe-adf7-4cf2-9122-42baab9d06cf" executionId="147f4ccc-e2ce-4785-83fa-fa5421b51322" testListId="8c84fa94-04c1-424b-9868-57a2d4851a1d" />
    <TestEntry testId="267a459c-570a-9892-a3fb-1ccd6dcc7c94" executionId="f314509c-1e44-4af6-977a-5dbfd65568c8" testListId="8c84fa94-04c1-424b-9868-57a2d4851a1d" />
    <TestEntry testId="3922d4d0-bcbc-79d0-e839-ec04c6eb7012" executionId="798208a7-b44c-4dd3-a876-3de920f94672" testListId="8c84fa94-04c1-424b-9868-57a2d4851a1d" />
    <TestEntry testId="712caa00-667f-f4a5-747f-3d841570cfec" executionId="f7957e81-fb63-4a49-a61f-c59422116281" testListId="8c84fa94-04c1-424b-9868-57a2d4851a1d" />
    <TestEntry testId="28fafc1b-2f62-09e5-fed4-8cbd043679ea" executionId="32629d39-cc86-4edb-a965-5ef1561f4c40" testListId="8c84fa94-04c1-424b-9868-57a2d4851a1d" />
    <TestEntry testId="e175e4f3-6ac6-e4a8-8cd1-4aac5beeacf0" executionId="5a714f8c-2225-4803-a4b7-d04cb64f4f83" testListId="8c84fa94-04c1-424b-9868-57a2d4851a1d" />
    <TestEntry testId="21b25e4f-73f5-2848-7d8d-477a522bc001" executionId="b5666f45-f57f-4b22-967b-ba6a5cbde694" testListId="8c84fa94-04c1-424b-9868-57a2d4851a1d" />
    <TestEntry testId="80cd115e-141f-2f91-97df-8401f9349490" executionId="755fa7ca-6c45-48fa-a66f-b51c53a74354" testListId="8c84fa94-04c1-424b-9868-57a2d4851a1d" />
    <TestEntry testId="f31ca3ed-5a9f-0476-416b-4e9b6d546299" executionId="60f2559e-59dc-4f5c-a26a-d916481ce297" testListId="8c84fa94-04c1-424b-9868-57a2d4851a1d" />
    <TestEntry testId="95a6ed6b-bad4-5297-af06-83879fb3a66d" executionId="c9c8a8b5-9d23-460f-aef5-21a5b748e488" testListId="8c84fa94-04c1-424b-9868-57a2d4851a1d" />
    <TestEntry testId="72ad33f2-9acf-4a09-3678-9a86f9e2f977" executionId="e31fc03c-e1fe-4a68-ad46-1aabe4ae72ab" testListId="8c84fa94-04c1-424b-9868-57a2d4851a1d" />
    <TestEntry testId="cf2b0baa-0f78-9298-687c-c2b73f289cff" executionId="25a96917-7bd5-4bcb-a7a7-c8cadb095ab0" testListId="8c84fa94-04c1-424b-9868-57a2d4851a1d" />
    <TestEntry testId="ae8d01b7-5f09-4e06-d1e9-96079f14acab" executionId="b7a4148f-bc3b-4437-b906-79652cccd5a0" testListId="8c84fa94-04c1-424b-9868-57a2d4851a1d" />
    <TestEntry testId="c6e3bd7d-0e7a-09f8-23ec-eb19e0b5b762" executionId="49c61bd4-2274-4ad9-8be1-f8fe6f3e07ec" testListId="8c84fa94-04c1-424b-9868-57a2d4851a1d" />
    <TestEntry testId="6303b6c3-6d50-a03f-f5f8-5f7f6477e7e5" executionId="de7b908b-c112-4a87-aa37-98449178678b" testListId="8c84fa94-04c1-424b-9868-57a2d4851a1d" />
    <TestEntry testId="93e019e7-9fd3-35d7-5f43-57213f542cf1" executionId="bd2b71f4-a57e-4618-bf57-19d0a7ec8525" testListId="8c84fa94-04c1-424b-9868-57a2d4851a1d" />
    <TestEntry testId="c80c5d3b-07ae-f433-2089-93ceb44a0b71" executionId="9abe99fc-27b2-44bc-b705-b577418d4629" testListId="8c84fa94-04c1-424b-9868-57a2d4851a1d" />
    <TestEntry testId="ea4822c9-c457-5727-f5d9-e04bcd6a5e9f" executionId="73fef478-af10-4c6c-a760-5b887067bb06" testListId="8c84fa94-04c1-424b-9868-57a2d4851a1d" />
    <TestEntry testId="fddcef71-8bc3-f1d7-9d46-7c5b69cb4838" executionId="f125c33b-f5cf-433f-bd7a-82410a555b4c" testListId="8c84fa94-04c1-424b-9868-57a2d4851a1d" />
    <TestEntry testId="e3854555-ba66-807a-ba5c-452bc6448b3c" executionId="e9f9b7b8-24c9-4487-9e1f-aea2d6ceca00" testListId="8c84fa94-04c1-424b-9868-57a2d4851a1d" />
    <TestEntry testId="e1b09ce9-ed9d-c66b-8431-0b05c61d6d05" executionId="bc6a7381-f0c9-4889-882d-25fb9bf9f80a" testListId="8c84fa94-04c1-424b-9868-57a2d4851a1d" />
    <TestEntry testId="2cd14a2e-a79e-e94b-593d-6184f35c531e" executionId="80bdebc8-7d97-4849-9022-6650861767c6" testListId="8c84fa94-04c1-424b-9868-57a2d4851a1d" />
    <TestEntry testId="f749cf23-4aeb-3ada-02c7-bbafde4c370c" executionId="256e94f6-24d1-4762-90ee-a98ca8f9e9a5" testListId="8c84fa94-04c1-424b-9868-57a2d4851a1d" />
    <TestEntry testId="7ff96775-6ac0-76d6-e67b-4b1c23ac394f" executionId="bb7026ed-1c1e-4a70-ba06-24e3801ba46b" testListId="8c84fa94-04c1-424b-9868-57a2d4851a1d" />
    <TestEntry testId="b4fe1d68-26c2-76c3-1dca-0edc0b785860" executionId="bec4bdd4-6b75-42d5-84bf-f9a3b0d2328b" testListId="8c84fa94-04c1-424b-9868-57a2d4851a1d" />
    <TestEntry testId="59639d5c-7bdf-cdf3-7bc7-301f403042c1" executionId="a3d5c1c4-6943-4abe-b9f5-c6efddfa3e34" testListId="8c84fa94-04c1-424b-9868-57a2d4851a1d" />
    <TestEntry testId="a00987b9-3ffa-837d-616d-29dcfb448a3d" executionId="f269faaf-cebb-49e7-8821-3c4391f38b2b" testListId="8c84fa94-04c1-424b-9868-57a2d4851a1d" />
    <TestEntry testId="96b199fb-caf1-0c3d-fcaa-bccf98909a8e" executionId="58d34000-5b54-4bb1-bfa9-a64a5379f0cd" testListId="8c84fa94-04c1-424b-9868-57a2d4851a1d" />
    <TestEntry testId="e96ad08d-f776-1cf0-2ee6-3419c7ef71bf" executionId="3fecfb22-80c6-42c8-9e85-2b19bfd702b8" testListId="8c84fa94-04c1-424b-9868-57a2d4851a1d" />
    <TestEntry testId="49805d24-42f6-9b40-d8ea-0ac3ae8c695c" executionId="64bad8b2-cd77-421c-9299-7168ce575d22" testListId="8c84fa94-04c1-424b-9868-57a2d4851a1d" />
    <TestEntry testId="5950d0be-2196-5ea3-8805-156d68751719" executionId="a741e913-43d0-4fc3-b3d0-29705f29bedf" testListId="8c84fa94-04c1-424b-9868-57a2d4851a1d" />
    <TestEntry testId="99813d35-5681-d38d-1b70-1ca2ea7a3944" executionId="e1488825-ec09-4b3d-be90-1f30722696ca" testListId="8c84fa94-04c1-424b-9868-57a2d4851a1d" />
    <TestEntry testId="4ab446bd-aae2-cb8e-94ef-eda867a4df94" executionId="0897aecb-e219-43ef-856f-48eab58cb0e6" testListId="8c84fa94-04c1-424b-9868-57a2d4851a1d" />
    <TestEntry testId="c47089f8-e000-62d7-fe5f-d0a5685a9f05" executionId="f8818527-b2b4-4c52-a8f4-775c86db4f5c" testListId="8c84fa94-04c1-424b-9868-57a2d4851a1d" />
    <TestEntry testId="6741bcb8-f9e3-79b4-b964-3c6c392a1f88" executionId="dbdf0340-1c61-45ca-baec-05befda463fd" testListId="8c84fa94-04c1-424b-9868-57a2d4851a1d" />
    <TestEntry testId="931c3e1e-1e21-bfaa-68f8-be137ca1b905" executionId="3a41db5c-c62e-4743-b62b-18868fd4baab" testListId="8c84fa94-04c1-424b-9868-57a2d4851a1d" />
    <TestEntry testId="fc199edd-9285-64a8-dc8c-51e5318916eb" executionId="ea5084b5-3032-4d7c-b87c-0d94d656d5c1" testListId="8c84fa94-04c1-424b-9868-57a2d4851a1d" />
    <TestEntry testId="dbe2a323-7a27-fb16-251d-d61f00107a96" executionId="d75790f2-d46e-4c40-b809-09d382866ad6" testListId="8c84fa94-04c1-424b-9868-57a2d4851a1d" />
    <TestEntry testId="c7941655-4c80-6d3f-da4f-1e7703fc43a9" executionId="486d8e7a-8ae3-412a-8bde-ceb79b13c176" testListId="8c84fa94-04c1-424b-9868-57a2d4851a1d" />
    <TestEntry testId="19e6516e-176e-3583-b3ed-c09c77115b7d" executionId="d3c6dd43-135a-4385-84a8-18d6f1abf57d" testListId="8c84fa94-04c1-424b-9868-57a2d4851a1d" />
    <TestEntry testId="87ec90c8-60d8-b3e0-1a6a-850ad1e380cb" executionId="526a1ab8-529d-4a55-a0d6-02cec68ae6ef" testListId="8c84fa94-04c1-424b-9868-57a2d4851a1d" />
    <TestEntry testId="270869af-0d13-10cf-82bb-d48cc10a9f24" executionId="0fda2a58-b41e-4717-9790-fc1edcd63a14" testListId="8c84fa94-04c1-424b-9868-57a2d4851a1d" />
    <TestEntry testId="1eab2171-0eb9-80bd-62fa-b0be0521aa26" executionId="78d5df6a-ee1d-4bd3-b57b-e9c98786c36b" testListId="8c84fa94-04c1-424b-9868-57a2d4851a1d" />
    <TestEntry testId="a28a8824-be37-45eb-24c3-ea449e6f6821" executionId="e152cf53-5c82-426e-a4b9-7d5697e321f3" testListId="8c84fa94-04c1-424b-9868-57a2d4851a1d" />
    <TestEntry testId="5ec414b8-2fc3-5142-2289-5b10ec5f288c" executionId="3521f85c-5544-41e1-b42d-fbaba67a71a1" testListId="8c84fa94-04c1-424b-9868-57a2d4851a1d" />
    <TestEntry testId="49a6b9d0-ceaf-259b-8553-fc9026021a51" executionId="895bb53f-8d65-4aab-b800-d60a5403a96f" testListId="8c84fa94-04c1-424b-9868-57a2d4851a1d" />
    <TestEntry testId="87f92019-0725-6f7a-5f5b-5bacc2734b68" executionId="af09edfe-ef7a-4c86-8dbf-1f1dc5447e4f" testListId="8c84fa94-04c1-424b-9868-57a2d4851a1d" />
    <TestEntry testId="a8401e5b-1b20-328a-03ff-34a66393ca1c" executionId="adafbd0e-75f7-482e-b686-81f155506d07" testListId="8c84fa94-04c1-424b-9868-57a2d4851a1d" />
    <TestEntry testId="376b843e-8395-bf94-3962-7581660f11bc" executionId="29260794-bd17-47c5-a9f1-aefa62fde525" testListId="8c84fa94-04c1-424b-9868-57a2d4851a1d" />
    <TestEntry testId="e714f858-d4dd-a0ee-2911-f0e7842d7a9b" executionId="87727bba-4158-469a-9ba5-ea2345e8749d" testListId="8c84fa94-04c1-424b-9868-57a2d4851a1d" />
    <TestEntry testId="44c5f28c-f1fc-abe8-9318-e2e46b85c037" executionId="1af38a56-7d1c-4867-bba9-4176a69e7243" testListId="8c84fa94-04c1-424b-9868-57a2d4851a1d" />
    <TestEntry testId="c966e614-742a-b41c-4576-ec02fa5e991d" executionId="463ae6f7-2564-4e5c-bc8d-01e0e6466615" testListId="8c84fa94-04c1-424b-9868-57a2d4851a1d" />
    <TestEntry testId="8c9409b6-2e83-20dc-979d-d22c23ed29b8" executionId="8debbf90-6ab2-43c7-a7f7-35210bfc7c89" testListId="8c84fa94-04c1-424b-9868-57a2d4851a1d" />
    <TestEntry testId="cd0e7db8-4326-8c8d-93a3-b2d85d52efe8" executionId="e70cd0c7-f890-48bd-9ce2-580be3390e59" testListId="8c84fa94-04c1-424b-9868-57a2d4851a1d" />
    <TestEntry testId="6bf8e0b0-2600-3678-d953-2bb83928c119" executionId="b8698beb-a863-43c1-bb7e-b79c33352512" testListId="8c84fa94-04c1-424b-9868-57a2d4851a1d" />
    <TestEntry testId="254dfada-3700-ea77-90ce-a1da26e42d33" executionId="353b5c63-20b4-4332-ab9c-705bf51f74f8" testListId="8c84fa94-04c1-424b-9868-57a2d4851a1d" />
    <TestEntry testId="8b1bf087-7fd8-b9c5-4c17-e1bf2bdadacc" executionId="388a47f1-5d64-413e-9394-0fecd43e772b" testListId="8c84fa94-04c1-424b-9868-57a2d4851a1d" />
    <TestEntry testId="3ae5bc68-4ffd-b6a0-acee-8b8e79d28665" executionId="66131556-e9f4-468a-b399-207ddd82c627" testListId="8c84fa94-04c1-424b-9868-57a2d4851a1d" />
    <TestEntry testId="ae3f1cb2-50a6-dc4e-0dfd-be19fd698c24" executionId="8ac0e7e8-56ff-4874-b395-406f450379e9" testListId="8c84fa94-04c1-424b-9868-57a2d4851a1d" />
    <TestEntry testId="317be785-27e0-d3f8-e37c-dde35eaf64a8" executionId="f6c57313-90a9-426d-af80-d38f319edfe6" testListId="8c84fa94-04c1-424b-9868-57a2d4851a1d" />
    <TestEntry testId="480c5d86-18f6-d5b4-b38a-b8b05fb644ac" executionId="6bc7f9a2-a97c-49e8-bc2e-d72d788e6bdb" testListId="8c84fa94-04c1-424b-9868-57a2d4851a1d" />
    <TestEntry testId="03e6d99c-89e4-413e-a047-55ea8174c4ad" executionId="5f12fe2c-8b8e-4134-83bf-241aaf7dff9c" testListId="8c84fa94-04c1-424b-9868-57a2d4851a1d" />
    <TestEntry testId="fe2d20fe-8d97-2e73-5e0c-a99e133e358a" executionId="7c7ba54c-7559-4f63-bce0-8ea4fdc8f53b" testListId="8c84fa94-04c1-424b-9868-57a2d4851a1d" />
    <TestEntry testId="40e9c96d-ccd6-4283-305e-c837ba973977" executionId="299742c3-f2ba-434d-833f-4f7d034d924e" testListId="8c84fa94-04c1-424b-9868-57a2d4851a1d" />
    <TestEntry testId="93608389-aed7-f1c3-81cf-7d8679eb316d" executionId="9fe861a5-8320-40fa-9ea9-356eca1356f7" testListId="8c84fa94-04c1-424b-9868-57a2d4851a1d" />
    <TestEntry testId="9faa8013-2e7c-40b0-9c93-f223dc753d0d" executionId="7f3ef72d-de63-4ddb-b4cc-7a5c66fe2a3a" testListId="8c84fa94-04c1-424b-9868-57a2d4851a1d" />
    <TestEntry testId="239dce41-2dc8-3ce7-5cd8-e1424220e032" executionId="5843294e-0e4f-4be6-b6f2-143a552c3eef" testListId="8c84fa94-04c1-424b-9868-57a2d4851a1d" />
    <TestEntry testId="718d79d9-1c02-8c39-0da4-1b0980389b9c" executionId="ef34df7f-0491-4799-b9e9-3080f9b3c63b" testListId="8c84fa94-04c1-424b-9868-57a2d4851a1d" />
    <TestEntry testId="4a9f089a-7b82-4119-e881-890d3420c576" executionId="b7436b44-ab51-45ed-b38a-5842ee0570cb" testListId="8c84fa94-04c1-424b-9868-57a2d4851a1d" />
    <TestEntry testId="6be45628-df38-b1b9-6006-2db6cb8a69b2" executionId="82e15e3a-f3ab-4a15-b090-beab6734afd0" testListId="8c84fa94-04c1-424b-9868-57a2d4851a1d" />
    <TestEntry testId="17320e07-a66d-ad4a-c95a-ebbda7df8d28" executionId="70f4eb3a-e312-4517-9e57-c5f4dc818a53" testListId="8c84fa94-04c1-424b-9868-57a2d4851a1d" />
    <TestEntry testId="853fe022-e5fd-6364-cec7-3ecf3acca691" executionId="362ae137-ee89-4024-8831-3aaf719aff09" testListId="8c84fa94-04c1-424b-9868-57a2d4851a1d" />
    <TestEntry testId="cf931bfc-bf64-1f26-62d3-de0bcb55db55" executionId="cf85e681-e5dd-424b-842e-e9532f902435" testListId="8c84fa94-04c1-424b-9868-57a2d4851a1d" />
    <TestEntry testId="4c60ea85-f4d8-1c34-8b1f-a14c827a8639" executionId="d15d598c-439a-4481-9551-85c4dbc07f23" testListId="8c84fa94-04c1-424b-9868-57a2d4851a1d" />
    <TestEntry testId="ec61acdf-8f53-c12c-e2ed-944748b61460" executionId="a3cf18de-6f42-401e-811d-f8212295b4d8" testListId="8c84fa94-04c1-424b-9868-57a2d4851a1d" />
    <TestEntry testId="4c66a676-1329-0a45-1613-5bf2a8f654dd" executionId="ea9216f0-be4c-436c-94ff-e279c1b8aac5" testListId="8c84fa94-04c1-424b-9868-57a2d4851a1d" />
  </TestEntries>
  <TestLists>
    <TestList name="Results Not in a List" id="8c84fa94-04c1-424b-9868-57a2d4851a1d" />
    <TestList name="All Loaded Results" id="19431567-8539-422a-85d7-44ee4e166bda" />
  </TestLists>
  <ResultSummary outcome="Completed">
    <Counters total="139" executed="139" passed="139" failed="0" error="0" timeout="0" aborted="0" inconclusive="0" passedButRunAborted="0" notRunnable="0" notExecuted="0" disconnected="0" warning="0" completed="0" inProgress="0" pending="0" />
    <Output>
      <StdOut>[xUnit.net 00:00:00.00] xUnit.net VSTest Adapter v2.5.7+8f2703126a (64-bit .NET 9.0.0)
[xUnit.net 00:00:00.03]   Discovering: rpg-character-service.unit-tests
[xUnit.net 00:00:00.07]   Discovered:  rpg-character-service.unit-tests
[xUnit.net 00:00:00.07]   Starting:    rpg-character-service.unit-tests
[xUnit.net 00:00:00.15]   Finished:    rpg-character-service.unit-tests
</StdOut>
    </Output>
    <CollectorDataEntries>
      <Collector agentName="m-dcasadevallpino-85a942" uri="datacollector://microsoft/CoverletCodeCoverage/1.0" collectorDisplayName="XPlat code coverage">
        <UriAttachments>
          <UriAttachment>
            <A href="m-dcasadevallpino-85a942/coverage.cobertura.xml"></A>
          </UriAttachment>
        </UriAttachments>
      </Collector>
    </CollectorDataEntries>
  </ResultSummary>
</TestRun>